9160:
4.1864024985
13887:
4.28024760134
5644:
2.99621912786
3.39698027321
3.08639050455
2.75136711895
3.11461669166
2103:
2.76007742246
5587:
3.66982740298
10927:
2.58367996039
7895:
3.69884089816
16157:
4.10710134685
10359:
3.17064354592
2.94444128983
336:
3.13572730253
5391:
4.15990088024
17330:
4.26062386362
861:
3.86334794437
1918:
3.24644340024
3.09027318747
3.17285224002
11903:
3.83148352314
4.10019100613
3624:
3.45747466751
3.62008390596
4.616115652
4.00218392859
4.21187134558
4.15182993771
14949:
2.85993194637
6972:
3.94692829478
3.11035437591
3.69828762366
3.517236967
3.47877542854
1455:
4.38208388027
13688:
3.4589181453
5368:
3.79025110912
645:
4.43542722464
4.33779408854
3.67853482929
3.46653271013
1664:
3.54700585232
6886:
2.90116504822
15939:
3.73006188632
13922:
3.86665477711
15646:
3.2611480369
3.72737173568
2.97975268806
3.50442801274
2.68452026851
3.45440057538
10406:
3.63533807486
11152:
4.39773180482
4.14884372607
3.10537755369
8034:
3.19481110146
6797:
5.04161668884
28:
3.39543479971
3010:
4.25470902746
12056:
2.86383907411
2743:
3.74527000324
4.61719982781
5069:
3.773552568
4.39612934503
6974:
3.7675568554
4.4433061742
4.89393048178
4.70304072637
8960:
3.50571945334
12738:
3.61165212364
2992:
4.26968789572
4.73198061382
1509:
3.3498404866
4.10368664045
3.25882925065
8163:
3.38303997554
580:
2.93039444776
4956:
3.90199397407
4.77939723679
14233:
3.14271525926
7586:
4.70251829094
2009:
3.29358643464
3.34496983385
17703:
2.16749478751
2114:
4.09594486453
10561:
3.98385437865
15563:
3.46288505032
11182:
3.32189796126
3.63577551228
12224:
3.74370642959
5103:
4.61827307051
17480:
4.34977894097
11385:
3.24480363752
4118:
4.98269818773
720:
3.5545916884
3.41954785616
7627:
2.57585813149
10358:
4.00259538763
3.38237171568
118:
3.42567714391
15997:
4.61104781184
12838:
4.85480318491
7674:
3.27337235586
17:
3.03030066765
3.40281379282
16469:
2.80085029644
5843:
4.82165488933
3.88337737737
3.56603991607
16794:
2.97478804228
3535:
3.19659074502
10170:
3.22604559822
1305:
3.18898106599
2499:
3.68782172281
18:
3.86320619555
760:
3.95857515585
4.30574496718
13977:
4.56213718406
872:
4.24048635856
9528:
4.71692489409
3433:
3.53493426987
248:
3.700281656
1045:
3.38898075595
6971:
4.30701439933
3.91105096997
13827:
3.61185059324
3.51850020961
9939:
3.74595532154
3.14586892846
3.39920226179
3.37674612144
3.42212561295
3.39729749988
3.02388873044
3.5919507998
2.52229749988
3.24766987632
3.56102874581
3.82586892846
16572:
3.461019449
11840:
2.04085805672
13636:
4.36549846074
7580:
3.90922235564
4640:
4.69559358478
4.18275511606
3.7432126324
4.51404596573
2981:
3.55854719842
1561:
4.4554423114
2.68201398803
6134:
3.73422500904
3.81426453473
4.07513409995
10947:
4.41046341065
3.32495142808
4.46928694006
3.85842721155
13629:
4.12230347889
11745:
3.26996238981
2.61639973624
2.88889935682
3.86467615119
14355:
2.78524296735
3347:
4.10425433405
6946:
3.01772233666
3606:
2.55844965219
12783:
3.54868940915
1650:
3.56346063496
3.50347802123
3.43834392161
6101:
3.75123806789
5390:
2.68444840402
2470:
3.96425389255
1110:
4.3180225989
3.61479932846
4.62156202543
3.66385593224
4.53203775042
4.58025804864
4.56385593224
4.51905073743
4.2045414762
4.98080508478
4.11158320496
5646:
3.65657067838
16662:
2.08224384541
14531:
2.67871824576
257:
4.70728659734
3.02157231162
3.35490564496
2113:
4.02339397489
16756:
3.55429151943
607:
3.88343713903
3.16121491681
3.77338759904
3.41672548811
3.8489026045
3148:
3.79257566891
17330:
3.3906731247
4.02503489119
3.32480605823
2180:
2.49354439868
4996:
4.70420586801
3.94494660875
1.13753920134
4.11000296946
3.82436090677
3.74587253467
3.30837253467
3.40028429938
3.20420586801
3.01372967753
4805:
4.9642853115
3.42244604058
4.53168973806
14533:
4.88588482098
7710:
3.37291158888
6724:
3.93768744424
6355:
4.53338445418
6166:
4.11994217505
9442:
3.50956659558
3.18294825113
3.72786640872
3.28655185473
575:
5.14034202941
1610:
4.28084045162
3160:
2.6031468073
4472:
4.46454298323
3.02856737347
14257:
2.43815309976
14274:
3.1178428452
2.53237275973
5522:
3.96139891487
4.00354400016
8666:
3.98856299018
11256:
3.86517500767
15058:
4.70113729932
4.22600899297
5787:
4.01407687106
15151:
3.75181741155
3.87475188449
3.76315344394
7379:
3.54479652087
5496:
3.95661542766
3.92354822872
4.05094649342
3.9275555986
4.08778073931
3.57617098321
3.81472055829
4.36550431655
8832:
3.67152521059
16797:
3.33417147752
15062:
3.01256833716
4.52447309906
10883:
3.52873825994
4745:
2.92209718086
3.54748417776
8993:
4.14366991747
3.94152706033
4.69743737498
4.41573340954
4.39811823338
10952:
2.61528746912
15116:
4.58574099909
4.34995504591
796:
2.35696677962
5972:
4.18627426326
5280:
4.09863461518
10607:
4.20922828786
1901:
3.47773270951
3.48395632443
3.6033410765
12999:
4.24780810477
4.17464676477
3216:
3.50198652949
344:
3.80324095966
10981:
2.95353578432
11607:
3.56356707842
4.14068730209
3.4014981129
4.32311973452
4.36953089978
4.08245049385
3.62457503598
1174:
4.61200262107
14953:
3.85988890099
257:
4.14523126137
7331:
3.55618422518
2.90843698622
14215:
3.05590349638
2.9248454759
3.21590349638
2.29757016305
2.31957390836
2.11057975537
232:
3.34166122074
12785:
4.09664954623
232:
3.45437335571
2743:
4.00021869573
3.88083619144
5583:
3.35778328004
6002:
2.94785096396
10042:
5.12947488865
10560:
4.12026997953
14215:
2.97414453872
3643:
4.07453913185
16698:
3.63242300165
3.80297051581
17743:
3.21568091209
10890:
4.13474151258
2014:
2.91007785167
9628:
4.61643983771
4.21271514135
4.09173395536
2362:
3.74804403206
6099:
4.01885225097
5050:
4.47831776397
17181:
3.96986797976
1768:
3.34922424218
3689:
4.34147502286
4.37655065075
3.55480977819
3.65589582665
7158:
5.65826736251
15474:
3.50411391747
3274:
3.79392758984
3648:
3.86685998896
5939:
3.51807537516
3.6852182323
12047:
3.1141616684
7642:
4.00941226433
985:
4.11169576875
7589:
4.17250530066
5360:
4.13329335417
5.09541456629
17031:
3.23008344762
10981:
3.285096068
6229:
3.51773493052
14664:
3.83411955859
2235:
2.26329997774
1.81257358548
6739:
4.34071381529
4.76634344492
3.7478249264
10080:
5.10694639882
5.8212321131
5667:
3.02307013965
14829:
3.42532649237
13567:
3.39054833196
5390:
2.58121471618
3.23184069427
6464:
4.00858177631
12986:
4.03262043311
3033:
4.22196585523
1002:
3.34307845663
6760:
3.71156335244
3015:
2.67042089899
2.38553021316
9986:
3.72015455328
432:
3.55132290711
1221:
3.83573140748
15205:
3.52004619174
1795:
4.13844117157
14176:
3.67251734744
14730:
3.90828735517
11949:
3.37057654866
1843:
3.30398183558
3.23392689052
10451:
3.93682551777
3.26640509735
7430:
4.09548991226
17541:
4.08253220666
3.76210508921
3.00522419049
551:
3.81109881396
8635:
2.68158564237
375:
2.70163660168
16223:
3.28755412245
1707:
3.7852087077
10615:
4.02152920858
2962:
3.25372541008
8172:
3.73141770937
897:
2.64644939167
5530:
4.25015283518
4914:
4.04355354155
3.95212497012
2.40861101281
4.28975072465
3.11622156599
3.10436162236
1110:
3.80124195047
4.85616362454
3.49794684133
3.98385593224
4.33482367417
3.88831636389
3.76015222853
14410:
3.40481093263
2012:
3.46308589923
2921:
4.33520303036
15472:
3.85705971368
10152:
4.03588841067
12895:
2.99901802818
4656:
4.60286374464
4.38773438581
15818:
4.39414349151
6327:
3.80597470219
273:
1.93362404344
2.94659124405
4931:
3.343559972
2.71693030322
3.17673096767
3.34419128513
2.32640966268
11472:
3.6458712953
7381:
3.5434573854
17562:
4.18902262713
5292:
4.36644132403
1810:
3.90941176438
4.1104252779
3.88537330284
4.32768099515
3.65579399991
3.29480094644
4.47191176438
9254:
3.99461565323
2016:
3.73727692372
3.92156647643
897:
2.59447806551
3.28764045867
2.17225584328
3.29725584328
16640:
2.5821299039
2.79191826369
2.44069063156
3608:
3.99783193143
17506:
2.91642968685
700:
4.34578876829
4704:
4.15246216257
175:
4.88342843284
4.72139654556
3.69463943231
4.42083406084
3.82559296806
3538:
2.9487881399
3.54484476275
3.95456506184
3756:
3.1002550734
12513:
4.11167037396
7755:
3.24949174307
4.31227201213
4.25227201213
9828:
3.92045826785
3819:
3.29870604633
16707:
2.86372968243
11134:
4.07253710866
4.27708256321
4.21994746723
11283:
5.12665416419
4.29136436229
4.77374468144
4472:
3.8765416001
2462:
3.93791273287
7513:
3.46707811687
6103:
1.74819450763
4628:
4.12352433303
9733:
3.87077824397
4.10793699018
4.14054568583
5840:
4.68183487623
13326:
3.35062322961
5646:
3.56602580658
397:
5.14112498733
1923:
3.67760263545
4.17343596878
14905:
4.34983722759
5522:
2.69273515735
3.59031862904
3.37337325557
3.40983889372
3.60678286655
16460:
4.04087113336
11152:
3.86433229156
1518:
4.3985267161
6023:
3.73222558394
4697:
3.39618963276
663:
3.65834304089
13007:
3.55673162507
11485:
3.05069997851
17111:
3.53452613254
7632:
2.83318081632
16587:
4.61150656729
7330:
2.94523585785
13423:
3.46732497608
5401:
3.80345906749
4.05527504812
6251:
4.79680985228
10644:
4.5406994654
4.00898918229
5.41368025781
16644:
4.30691588185
6299:
3.59423206588
12092:
2.87675345164
13614:
4.73217087324
8635:
2.44983961062
13593:
4.38335158533
12593:
4.11422041559
5989:
3.82135487923
2851:
3.5053451236
4085:
3.1821985562
16146:
2.16560769269
14209:
3.97011358486
4.48413227645
15156:
3.72540625712
14712:
3.6848990057
9740:
3.52705868978
17008:
2.82996580764
3.36842734611
3.3885243662
1066:
4.12572740648
4.15398827604
14103:
4.40974374962
4.11181074891
4.36521954747
4.55781355396
4.57221447562
4.15399855911
3.76654220671
3.62621619679
4.33535463734
4.59007161848
6495:
2.77644815389
9382:
3.78626797549
5807:
3.63592436481
3.66055490668
3.78646289699
3.25999468259
3.62423529409
3.7667820129
3.33054866837
15205:
3.35961477954
3.81167477575
3.77120898244
3.90962452803
3.77007903894
2.08787564911
14211:
2.80745921921
2174:
4.20921636778
223:
5.02356841209
5.02550639659
16384:
3.90460510872
14723:
2.97557785272
2.68066006497
10229:
2.94273266542
138:
4.60717486507
13930:
3.85427680142
3.90013218061
3.69951489666
3.79042398757
2.70532885014
707:
3.14171388527
5075:
4.53044387688
7048:
3.57788167325
329:
3.15528523404
3.14356806232
3.44414153902
4.35198911495
1255:
4.20551734659
10275:
3.12088046886
83:
3.44292216974
6404:
2.51074305609
6206:
3.82211665314
3.90235214515
12494:
3.24806485745
9995:
3.44862327916
14742:
3.68268831201
7624:
4.2280604586
4.55669895625
746:
4.43228569063
14660:
3.77352606353
3.34249158077
4098:
4.63662945257
4656:
4.28416295724
5320:
3.05370258872
3.43227401729
2.91911612255
14103:
4.43098070938
4.43855646696
4.26574729415
4.55007161848
4.56075565756
4.27757161848
9677:
3.09769611756
1032:
3.54195100156
615:
2.93121337181
3.33565781626
16765:
3.77230304912
3917:
3.73145429429
4.13452473378
15333:
4.05796727544
7827:
3.8118189595
8782:
3.10411657563
3.55246822398
189:
4.03079005739
3.27722348309
14209:
4.24284085759
4.10553025152
14621:
4.63766640674
4.03253820162
2495:
3.19596027666
2235:
2.3682878712
1047:
3.90557182404
1684:
2.42500473388
5960:
3.75246679234
2796:
3.90181794193
4686:
3.01435339091
13087:
3.33673976081
3.76864706919
17023:
3.47488645859
1799:
4.98485269018
3.70855245378
1031:
3.73373472694
9882:
3.63007393209
3151:
3.06067683459
3.8717879457
3.25024852919
3.70926440521
3.23151016793
3.71292908684
3.69618408097
3.73340410732
2.88491925883
3.12187902038
2.79401016793
3151:
3.28049665441
2.55269742661
2.85783995516
3.55263085758
3.02901827165
3.46067683459
3.55963516793
3.79401016793
4.0013272411
3.49855562247
3.77821237962
3.63318542566
4237:
2.42114735111
17207:
4.17159850996
9685:
2.91350853676
5519:
4.99608664897
4.46587676981
2342:
4.25948347351
4.25035105342
4.16857438261
2.99846652436
3.68805490209
4.53292097351
2800:
3.83214839174
4.08209314313
270:
5.1364678685
3522:
2.89309745845
14482:
3.61471609749
4353:
4.56151966014
17349:
3.85282665549
12367:
3.39036135794
8651:
3.44653026585
7597:
3.54282069199
13248:
2.72113059341
10168:
3.07641648008
3.06968247335
1.57048762633
14868:
4.5430719415
9644:
4.12508643365
5838:
3.47508468565
2195:
4.43880642475
10852:
4.08295324919
73:
4.42284481376
8393:
4.33274258836
3.75671433742
4.29546393039
16698:
3.35377182826
8644:
4.16520928015
3.94597418454
4.34205713385
3.13180485082
8793:
2.69188318143
12497:
3.42566659682
16525:
3.72798006833
2.886727489
6994:
4.59529526927
13282:
2.61842099342
488:
3.91099887363
3875:
4.37192021665
4.70589150852
4.01510203483
12317:
3.94768919719
3.76491247963
4884:
4.13483606764
4042:
3.21349020799
12198:
3.54236148754
5327:
3.53064611843
3.50169657335
3.44023939871
3.61707654194
3.7245925229
3.98752257531
3.5105792288
4.36191162712
10899:
3.30643339164
4.0768523047
3.26060156198
3.22650096522
10229:
2.97490735347
3.60954027641
9132:
4.02603505314
4356:
4.28911128063
3.34911128063
4.14007902256
1542:
4.20467766082
4.1607752218
3.61056001376
3.34036760972
4.46236996851
329:
4.2229503017
4.43727176602
16361:
2.80820863139
14139:
3.60973133818
7494:
3.42676536795
14249:
4.01820219859
9095:
4.09726497432
16754:
3.67615586931
1798:
4.21996814582
4.20036030268
4.82536030268
4.03890196935
4.26702696935
4.51980474713
4.00339060571
3.7479793503
4.33131268364
14240:
4.67253814143
4.32792759855
3.66675675028
11877:
3.19922321749
13423:
3.18751345016
3958:
4.58985106927
8438:
3.97490960785
4.83876925697
223:
4.95235629088
3.87338526191
4.7219811105
6687:
2.74264247967
12891:
5.6122229974
4.5342229974
5991:
3.95765902662
2.83755935885
2.81559553456
3.74402948031
4.24192822563
4.09975629106
3.76578710544
9111:
3.74071488516
535:
3.51791319275
11829:
4.29362114344
3207:
4.03462252496
1138:
4.26391130503
14671:
3.59541405155
4804:
3.79423510933
406:
3.89376203627
4.15846791863
4.48605412552
3.80343833283
3.75846791863
3.44107661428
5807:
4.0371782833
4.09844310543
7912:
3.96700540629
8836:
3.33393959641
4570:
3.6571653363
9644:
4.9147716035
4.00888925055
10172:
3.95334126781
1220:
3.71720363676
3.52687559118
3.69927869195
3.74880250148
3.24908261352
4.358326311
3.32502050313
10550:
3.11667728912
4.11667728912
14568:
3.50940794617
40:
2.69128030035
10277:
3.77827077061
4.07061831944
9592:
3.65095873158
12690:
4.28984215516
3.33268087383
4.05466893143
3.88935179243
9049:
4.32213228654
9592:
3.34596845264
3.91257952668
3.71127784215
2989:
2.98664918902
7072:
3.23275386306
11688:
3.51168315963
3254:
3.37535172939
15965:
2.85337112387
7156:
3.00548975862
357:
3.3593076423
4.9080881301
3.53989640897
3.76523098725
3.4044910078
3.63536085738
3.36740096916
4.1580881301
3.85524260165
3.27475479677
5897:
3.67227653512
16848:
2.86804700408
8915:
4.2144379509
3.92817170573
311:
3.49308465613
3.25518308402
3.31360413665
2813:
3.31384231522
8038:
4.30578970297
4.65394497147
5.25422603953
3.97113780424
3.99057867827
2173:
2.26342702047
8993:
4.15334024714
4.38526745971
13556:
4.01456718409
13519:
2.2771219595
1.8671219595
7149:
3.57572767651
6850:
2.47847896642
3.18887323166
4.02509849802
1255:
3.63485067993
5.07929512437
6337:
3.85906547281
6222:
3.47169928551
2214:
3.21053940734
1092:
3.42080281549
1409:
4.1441449884
4.31663583089
17250:
3.02576342994
17355:
3.99684278285
3.82566278612
4.00390883508
4.53089296206
3.72533740651
2.88672981157
3.80867073984
175:
4.03592110146
4.08094547772
3.6025649839
3.52284513633
3159:
2.65052985739
5875:
3.78631327751
6366:
3.7961573647
3.29812946667
5917:
3.86466153544
8627:
4.27427462708
1158:
3.19594927003
662:
4.06164178986
3.72263219895
11810:
3.7844001245
5738:
4.86715320908
11698:
3.78977150672
9526:
2.16633136306
2385:
3.53459668125
3391:
3.69888796506
11421:
3.64751267359
8103:
3.6591408133
1941:
4.09709465863
3463:
4.25474518153
12931:
4.01859526394
15777:
4.6420599466
818:
3.31774506233
14734:
3.48873399631
3925:
3.3830648994
4.03190945511
4.13532762282
3.12041412801
8548:
3.49108840688
2.27786106533
405:
4.04728986987
760:
4.44746404474
4.10134245145
7691:
3.36776842104
4299:
4.24140119748
14776:
3.59604480363
3.59723527982
12668:
4.22875126653
14382:
4.1241865972
14410:
3.99030396309
1466:
4.30673651364
3.47758553078
3.21699292389
3.71901721539
3875:
4.17388581862
2942:
4.28770137757
16153:
3.50445632881
4.1660038698
6027:
3.42005834395
4216:
3.14337525768
7193:
3.77193535552
13960:
4.17235501027
12413:
3.86813017318
2304:
3.02840727283
1289:
3.60451664077
11696:
3.7497142379
14109:
4.02167821096
12165:
2.76764735752
430:
4.04002782299
3441:
2.51747841977
3.87176413406
3.75316807494
2.83480400117
2.76685341977
3.5388075337
12130:
4.08022589157
7922:
4.23750747515
6739:
3.92838048195
8105:
2.63247261781
12293:
4.80020089867
15582:
4.07715638535
4.3342992425
13378:
3.81682430764
357:
3.93189765391
3.51273929289
3.2692572324
4.29751120703
3.5267321979
3.49142146344
3.85947701899
3.37475479677
3.3428707388
3.80392146344
8677:
4.29021514301
10764:
4.32126725967
436:
3.76174605108
8171:
3.63692895657
3.44271693297
3.65476764586
2080:
3.56080584086
6206:
3.63489094782
4.05853528593
4.10543825765
14545:
3.63572070533
12670:
5.0864972253
2843:
1.65069835173
3638:
4.21186743618
4.02981615413
4.06314948746
16640:
3.19220316398
3.31222169966
3.25215791511
2.68451085628
3.17617752295
3.33482141529
3.32895530073
6971:
3.91185310901
4.25550390266
2213:
3.83043055371
1128:
2.81210613948
10082:
2.59158138903
2.40999571128
3106:
3.97352720553
2.71162244362
3.42590815791
3.85447958648
3.22677395877
4.51162244362
4.11472321881
3.19078911029
3.71162244362
3.57127156643
3.04495577695
3.90542089323
3.9020986341
4928:
1.59956474277
2376:
3.46402378886
16203:
3.65076540496
3713:
3.67876588108
3.65464307406
4.21146125588
12881:
3.48409327228
8293:
3.97980502816
4789:
3.91419423556
2960:
3.1119750186
3.02175597717
14574:
3.24792457736
1754:
4.4535621301
4.32590492675
11722:
3.6873659588
5179:
4.09805702348
299:
3.55557020274
3320:
3.57195603017
3.48659017651
175:
4.21676176617
4.4395574651
4.70274895446
4.22866067999
5.3995574651
4.23826714252
4.3995574651
10947:
4.71588049274
5.21401501997
4.35163988124
4.70458105771
4.10920533516
15471:
3.35390176421
3.2384960912
13516:
3.09307071402
238:
4.37090241457
9886:
3.76554980391
14723:
3.10793279225
2582:
3.50095303498
4847:
4.33781835514
17180:
3.54091682333
7186:
3.29053052567
4705:
3.69873079847
3.23028258002
15450:
3.79417211092
8471:
1.69464083451
4577:
4.4200880795
8246:
3.31462002176
17355:
3.45533740651
3.28089296206
3138:
3.14908626816
3.58754089529
2512:
3.244698896
4284:
3.77899566313
3.69328137741
2.93078137741
10963:
3.37735206899
8301:
3.3922743838
17212:
4.40737963456
290:
3.46801471426
3.08716170787
3.79477937264
3.35058020658
4.64687650288
4.12835798436
9367:
3.27045117192
7513:
4.75559352303
2499:
3.03900915897
11030:
3.20452635411
3.4713679989
7779:
3.17415017926
5736:
4.38253933778
4463:
3.81044038555
10372:
4.74822469877
13785:
3.56722040314
12895:
3.30153573078
16002:
3.72775091728
16711:
4.22469388956
16252:
5.44265839239
28:
4.4916914842
3.41032223616
3.93027373528
4.16491015742
3.86331567591
4.36650519508
6386:
3.60548957738
3.10548957738
5644:
2.51699794886
2375:
3.98208099424
3.13075209782
15853:
3.78730312715
4546:
3.15760303085
3371:
3.5281428277
3.95755459241
4.02478148316
12838:
3.75480318491
4.08496191507
3864:
4.9367571807
3.95673367894
4.67907602128
4.61371776583
4.44490935461
4.7152314405
4.33240935461
4.32732460885
3.59373906968
4.59907602128
4.47526649747
4.83240935461
4.17261914482
4.04396170118
4.2534855878
3.90891942173
3.18796491017
4.79030409146
4.52896107875
3.93659186412
4.21457368327
4.55548627769
3.96686125618
4.30833528054
4.01240935461
4.35518163184
4.96574268795
1956:
3.28842535673
3333:
3.43633221694
3.51637822039
3.30689224092
11590:
3.77713114427
4.14399297753
12228:
3.65459608379
4386:
2.9640973637
1364:
3.47231784576
4.22985508049
6635:
3.84127968099
2958:
2.95978701646
433:
3.85011166413
832:
3.87550078798
788:
4.22493540636
11888:
3.66420942019
9189:
4.20058836188
2326:
3.43105846417
3.79325725935
11647:
2.66898366741
3.39683028888
3.10300044381
17129:
3.75666605657
3.59570715246
13437:
4.02934402975
5778:
3.9390439672
554:
3.03417045012
3875:
3.88014187547
4.13693747787
3.3186734634
3.39010203483
3.78090663253
2661:
4.42515115334
6049:
4.18033256927
14410:
4.24968318037
16252:
4.79250359363
16624:
3.23867483669
6428:
4.35133172088
4432:
3.90517229628
3.73440726895
2.84338162793
12792:
4.20284145582
14660:
3.50093570208
167:
4.98794039292
12338:
4.25375018372
8460:
3.06237670225
11847:
3.4234286633
3840:
3.54794719348
3551:
4.68755651757
10460:
4.50171922104
5939:
3.54188489897
191:
3.40483530051
3.52791222359
4.47076936644
10173:
3.15505989424
1790:
3.60994758278
17174:
4.11951131063
3.80426933867
3.85102646215
5138:
3.96339639282
528:
3.31399074336
2.71026623234
2.32617397923
3.25534876805
3.88605193499
2.64816582754
3.52535728232
4.05478321181
3.76715507274
3.48015690953
6085:
3.86688525011
5664:
3.34481805122
6974:
3.85650564246
5317:
3.97919934345
4.44447712123
3.69447712123
2.9355485498
3.71152257578
4.14159250585
3.0017687879
3.69815359182
3.75697712123
8246:
3.71062553141
15861:
4.44186848769
13526:
3.61116042792
15039:
3.69660943182
199:
4.08028989524
4.16841011806
4.74683597101
4.27954625138
4.63223968526
5112:
3.14933010053
3.46175513052
8197:
3.38055751901
11277:
4.31005695487
6383:
3.57059951392
12964:
3.51738232654
14815:
4.48218130566
3817:
3.85206467946
2395:
3.50965510769
17482:
4.09659856297
3391:
4.68713487399
15263:
3.95320329196
7922:
3.45970410752
12679:
2.80140511538
10501:
3.36655437147
17314:
3.93973031091
14545:
3.97821517371
3.50065556642
3.29586464978
1502:
2.61117519682
548:
3.33759950563
3.0694835636
5280:
4.22311450422
8922:
2.03355360556
4890:
2.75300140887
7233:
4.68660991813
4.28300945356
750:
3.22209409126
3.87516755453
1406:
2.96187465741
4.26925769834
3.21214318587
3.93163949503
3.23097107101
2.93855068622
3.43024254683
1476:
4.53753431018
4.88193208826
13614:
3.78984283091
4.14169468276
5515:
3.99746238973
6971:
4.20653396007
6326:
3.53333553065
2578:
3.69878132628
4.04229837381
571:
4.13924767023
4.34496195594
4.2842212152
3.73329528927
2.6843822458
3.44304105199
3.95444913543
3.75954920777
4.23965122148
4.4706240564
5111:
4.1440127347
809:
3.60057538628
97:
3.65463510313
17611:
3.68808291694
2699:
3.40220702398
3.73218690326
6030:
3.97516546075
4.23413158982
13551:
3.45054356798
8851:
4.34339047464
1618:
3.87616063083
16087:
4.15261270252
12238:
3.23220013512
6450:
3.88221844283
4.25919753609
15902:
3.85171861927
5054:
3.58245731314
1220:
4.29483424751
4.1414825487
4.14344535862
4.3714626
3.87261202529
3.55702449531
5.35189130456
3.56174246007
4.30594535862
3.45594535862
4.20594535862
17525:
4.17061465618
6056:
3.59464194479
4968:
3.24333508812
6229:
3.07483206328
12918:
3.37674262211
4.39285869354
2992:
3.09596285859
4.1752210679
2752:
2.79151060638
1686:
3.41893655864
7422:
2.95341419583
12182:
4.44641426093
5496:
3.50417098321
3.98717098321
4.12306027541
3.69477967887
4.202532429
4.04695359191
3.75502812607
4.21386589847
3.95832482937
8339:
3.85804851666
17437:
4.58471477106
273:
3.42485211362
3.68026336903
3.36786286631
13663:
4.99962766726
9785:
4.11402066144
1202:
3.90743994941
4.08095926817
3.60704648694
2.92277877725
3.89032685417
3.70085127946
3.9032106261
4.56179335744
3.67198649836
1277:
4.7649300553
11911:
3.45746676915
6497:
3.24117814493
2.84791371158
9458:
3.09634078149
3.38735370095
3.47927435891
3.37581523941
1412:
3.41489747156
3.4482308049
16175:
3.86292021767
5656:
4.4402686953
3364:
4.06251355221
5401:
4.33622742907
6166:
3.65840371351
3.42213997725
4.01167030993
18:
3.97401801747
12530:
4.40415613894
4.97168942999
2254:
2.89696987421
6:
3.01236456722
17681:
3.62150356551
14723:
1.95055253809
11273:
2.73754677027
5096:
2.62411527979
16339:
3.59721883804
3.02491114574
533:
3.48348922472
9752:
2.98502689053
14725:
3.14459667663
15205:
3.2074408665
3.63787564911
3.33787564911
3442:
4.26593849858
111:
3.16172007183
17207:
3.1980136043
3.47627140715
14940:
3.39116119583
3.60269965737
13107:
4.07487558652
2162:
4.72579879124
3347:
4.09664334039
17703:
2.51067804687
1428:
3.03857533977
3.50572669469
2.75769298683
3.73914459973
3.95650251064
3.67555012968
4.11451116864
4.01964950857
3.88011905473
2.77713743127
3.58084113497
3.43269298683
8728:
3.34874387852
15393:
3.66483142766
1236:
3.38499435641
17631:
4.00437810775
12155:
3.90803536098
4.12183726537
7987:
3.02260355539
10231:
3.59502848774
3.38759991631
4.48723627995
3.57582921567
4.27413755072
3.51353702323
3.86216200781
14670:
3.61754401007
4.69271037976
8993:
3.89682087998
4043:
4.4149540651
8447:
4.55518655613
4.52777608781
3.96481312484
4.61967211227
3.69909391726
3.98902106773
4.670529711
1406:
4.09666284739
4.16397992056
3.91356896166
3.1676162842
13050:
3.85592126456
11166:
3.18284927609
3.4045286654
3.46927784751
2.85618260942
4097:
3.75693452538
14644:
2.70439678888
2.33708096657
8078:
3.38770853718
16361:
4.10461581702
3894:
2.3937043249
13087:
3.81603269011
6165:
3.46766304586
187:
2.99029780105
16147:
5.17023423841
3.44208668428
5330:
3.63990615648
7635:
2.90408282429
3.67558820063
3.22699949096
2.54610160363
2.93831323033
15163:
3.80175828688
985:
4.45473924702
4.65631819438
10421:
2.26757396014
8295:
4.71704162001
1843:
2.82916498576
17292:
4.28923846363
14663:
3.0087383969
6014:
3.80242386131
3.61679444122
3.36337624226
3.84096727867
2.81782758802
2.51099528988
2.91528100416
2.86546576167
7611:
3.63021213937
15798:
4.57864594975
5154:
2.45476431887
3.14950427159
3.96508814537
2.12341511252
3.29799636307
3.87244986156
3.45504776558
3.51627225538
5582:
4.73107736192
4.55231392106
4.65153190737
13760:
4.51934639922
730:
4.02050220849
16265:
4.12202927133
8915:
3.79533358109
3.90412921202
15116:
4.04049213031
18:
4.1866575709
4.15150719496
3.74226767826
11820:
2.67313250748
16810:
4.11766816227
8354:
4.49643189437
7755:
3.42079914391
4928:
1.37665452605
16580:
4.73501845095
10625:
3.67883084282
5695:
3.58826413129
3.0705782936
3.07653176493
14531:
3.36264681719
5526:
2.4983245635
