13624:
3.8
4.1
9038:
3.7
3.7
4.1
4.1
3.3
3.2
4.1
4.0
3.5
4.6
3.8
3.8
4.1
4.0
13202:
3.5
5707:
3.4
3.4
3.1
4.1
3.8
3.6
3.6
3.6
3.6
3.6
9068:
3.0
2658:
2.9
3.0
3.3
3.0
3.4
3.3
2.6
3497:
3.1
3.1
3.1
4741:
2.3
2.8
3.2
2.5
1.9
2.5
16076:
2.3
3.3
4.2
16600:
3.2
3.1
2.5
3.3
3.1
3.5
3.8
14642:
3.7
3.9
4.2
4.2
3.6
4.2
3.4
3.8
4.1
3.8
3.8
4.2
4.1
4.0
4.1
4.1
4.7
3.8
3.8
4.4
3.7
4.3
3.4
2.9
3.5
3.5
4.0
4.0
4.2
4.0
4.2
4.8
4.0
4.2
3.9
12519:
2.6
607:
3.5
3.2
3.7
3.5
3.4
2.7
3.6
3.8
3.7
3.2
3.9
3.1
3.0
3.2
3.4
3.7
3.7
3.7
4.0
3.6
3.2
3.6
3.6
3.6
4.0
3.8
3.2
3.6
3.9
4.1
3.6
3.2
3.2
3.4
4.6
4.0
3.8
3.3
3.1
3.8
3.8
4.0
3.2
3.7
3.8
4.4
3.8
3.4
2.9
3.1
3.8
3.7
4.1
4.2
3.8
4.2
3.6
3.7
3.5
3.4
3.2
3.9
3.4
3.9
3.4
3.6
3.6
3.3
4.2
4.2
4.2
3.2
3.3
3.8
2.8
3.3
3.1
3.9
3.1
3.8
3.9
3.8
4.5
3.5
3.3
3.6
3.6
3.6
4.2
3.8
3.6
3.5
3.7
4.2
2.9
3.6
3.7
3.3
3.5
4.1
2.8
3.6
3.5
3.3
4.0
3.8
3.5
2.7
2.9
3.5
3.4
3.4
3.4
4.0
3.3
4.0
3.4
4.1
3.6
4.0
3.6
3.8
3.0
3.6
3.8
4.4
3.5
3.4
3.6
4.2
4.0
2.9
2.9
3.7
3.4
3.8
4.2
3.6
3.6
3.6
3.8
3.4
4.8
4.8
4.0
3.2
2.9
1.8
4.5
3.7
3.8
3.4
3.3
3.9
3.6
4.2
3.3
3.5
3.4
3.4
3.8
2.9
3.4
3.4
3.6
3.8
4.1
2.9
3.7
3.0
3.8
3.8
3.7
3.3
3.6
3.9
4.0
4.1
2.3
4.5
4.2
3.4
3.4
3.5
3.6
3.4
3.6
3.7
3.6
3.7
3.8
3.6
3.8
3.8
4.5
4.0
3.6
3.5
4.2
3.8
3.7
3.2
3.7
3.8
4.2
4.3
4.0
3.9
3.4
3.3
3.8
2.6
3.7
3.2
4.0
3.5
3.3
3.1
3.1
3.7
2.5
3.3
4.0
3.5
2.9
4.1
4.0
4.2
3.4
3.8
4.4
4.2
3.2
3.5
3.3
3.8
3.1
3.3
3.0
3.2
3.5
3.9
3.7
3.2
3.5
3.7
3.4
4.3
3.2
3.3
3.5
3.2
3.3
3.6
4.0
3.9
3.9
3.7
4.0
3.8
3.1
4.7
3.6
3.7
3.1
3.7
3.9
4.4
2.7
3.5
4.1
4.0
3.0
3.3
3.3
3.6
3.8
3.5
3.7
3.8
4.1
3.7
3.1
3.5
3.9
3.6
4.3
3.5
3.5
4.1
3.4
3.8
3.7
4.0
3.3
3.5
3.4
3.7
4.0
3.3
3.7
3.6
3.8
3.2
3.3
3.3
3.4
3.2
3.4
3.4
3.5
4.1
3.7
3.8
3.8
4.0
3.8
4.2
3.5
3.9
3.9
3.1
3.9
3.6
3.4
3.4
4.0
3.6
2.8
3.0
3.2
4.2
3.1
3.5
4.1
3.2
3.7
3.5
3.8
3.2
3.3
3.4
4.0
3.1
3.4
3.8
3.5
3.6
3.4
3.9
4.0
3.0
3.6
3.3
3.3
3.9
4.6
3.7
3.7
3.1
4.0
3.5
3.0
3.4
3.5
4.0
4.4
4.0
3.2
3.8
3.3
4.0
3.9
3.8
4.2
3.4
4.0
3.2
3.9
3.4
3.7
3.7
3.9
4.2
3.7
4.1
3.2
4.0
3.9
3.9
4.1
3.5
3.3
3.7
3.3
3.5
3.6
3.6
3.4
4.1
3.9
3.6
4.0
3.5
3.7
3.6
4.2
3.1
3.2
3.5
4.0
4.1
3.2
3.7
3.8
4.0
3.3
3.7
3.9
3.0
3.6
3.5
3.2
4.0
3.6
4.4
3.5
3.7
3.8
3.9
3.2
3.5
3.8
3.3
4.3
3.4
3.9
3.7
3.2
4.1
3.2
4.2
3.7
4.7
3.5
4.1
4.0
3.5
4.0
3.6
3.7
4.0
4.2
3.7
4.1
3.6
3.7
3.2
4.2
3.4
3.5
3.8
2.9
3.5
3.7
3.6
3.7
3.8
3.7
3.8
2.8
3.7
3.4
3.3
3.7
3.4
3.0
3.9
3.6
3.6
3.6
3.8
3.4
3.2
3.6
4.0
3.3
3.7
3.9
3.1
3.7
3.8
3.5
3.4
4.3
3.5
3.6
3.9
3.7
3.2
3.9
3.6
3.3
3.4
4.1
4.3
4.0
3.5
3.2
2.9
3.6
3.8
3.1
3.3
3.4
4.4
3.2
3.9
3.9
3.8
3.4
3.8
3.5
3.5
4.1
3.2
3.6
3.9
4.2
3.7
3.4
3.6
3.6
3.5
3.3
4.0
3.3
3.3
3.7
3.6
2.7
3.9
3.8
3.5
3.8
3.8
3.7
3.5
3.5
3.8
3.7
3.6
3.4
3.9
3.8
3.3
3.3
3.0
3.5
2.9
4.0
3.9
3.2
3.3
3.2
3.7
3.2
3.9
4.1
3.7
3.7
3.7
2.5
3.6
2.8
3.2
3.2
3.7
3.9
3.6
3.6
3.7
3.6
3.4
3.8
3.8
3.7
3.5
3.1
4.2
4.3
3.7
2.9
3.2
3.8
3.4
3.2
3.6
3.7
3.7
4.2
4.0
3.3
3.9
4.1
3.4
4.0
3.7
3.7
3.8
3.4
3.8
3.7
3.8
3.7
3.3
3.3
3.4
2.9
3.4
3.5
3.3
4.0
4.1
3.6
3.7
3.8
3.6
3.0
3.7
3.9
4.0
3.9
3.7
3.9
3.3
3.5
3.8
3.5
3.6
3.8
3.6
4.3
3.9
3.6
3.7
3.6
3.8
3.4
3.3
4.0
3.6
4.1
4.1
3.5
3.5
3.5
3.4
3.3
3.3
4.1
3.4
3.6
4.6
3.7
2.7
1.9
3.5
4.3
3.8
3.1
4.1
3.2
4.1
3.8
3.5
3.4
3.7
4.0
3.3
3.9
3.7
4.0
2.8
3.6
3.5
2.4
3.0
3.6
3.0
3.3
3.7
3.6
4.0
3.8
3.4
3.3
3.5
3.7
3.5
3.2
3.8
3.1
3.8
4.0
3.3
3.0
3.3
3.3
3.8
3.5
3.8
3.6
3.9
3.5
3.9
3.5
3.4
3.7
3.3
3.9
3.6
3.2
3.5
3.4
3.7
3.1
3.9
4.5
3.4
3.5
3.2
3.8
3.6
3.5
3.6
3.2
4.2
3.5
3.2
3.6
3.3
4.3
3.4
3.3
3.3
4.4
3.7
2.8
3.6
3.1
4.5
3.1
3.8
3.2
3.5
3.8
3.9
2.4
3.1
3.0
3.7
3.6
3.6
3.5
3.4
3.8
3.5
3.9
3.4
4.2
3.8
3.8
3.8
3.4
3.8
4.0
4.4
3.5
3.5
3.4
3.5
3.3
3.0
3.9
4.1
3.8
3.4
3.7
4.1
3.8
3.9
3.8
3.6
3.7
3.1
3.4
3.8
4.3
3.3
3.1
3.6
3.7
3.4
3.6
3.0
3.6
3.7
3.6
4.0
3.8
3.1
3.6
3.5
3.6
4.1
3.2
3.7
3.4
3.7
3.6
3.9
3.4
3.8
3.9
3.7
3.1
3.7
3.8
3.9
3.3
3.8
3.2
3.4
3.4
3.7
2.9
2.8
2.8
4.1
3.5
3.0
3.4
3.9
4.4
3.3
3.7
3.4
3.5
3.6
4.3
3.2
3.3
3.1
4.6
4.0
3.8
3.8
4.0
3.8
3.8
3.2
3.4
3.8
3.4
4.6
3.2
3.9
3.5
3.3
3.1
3.5
3.5
4.1
3.4
3.9
2.3
3.9
3.4
4.2
3.8
4.0
3.2
3.7
3.5
3.9
3.3
3.9
3.3
3.3
3.7
2.8
3.9
3.5
3.8
2.4
3.6
3.0
3.9
3.1
3.5
3.4
3.2
4.0
3.7
2.7
3.1
3.4
3.6
2.9
3.6
3.7
3.5
3.6
3.1
3.2
3.7
3.3
4.2
3.6
3.4
3.4
3.6
4.5
3.4
3.5
3.7
3.7
3.8
3.5
3.9
3.7
3.2
3.4
3.4
3.2
4.6
3.6
3.3
3.9
3.7
4.0
3.4
3.6
3.9
3.7
3.8
3.2
3.8
3.7
2.8
2.7
3.4
3.6
4.0
3.9
2.6
3.9
2.8
3.9
3.5
2.9
3.7
3.2
3.8
3.8
3.7
3.3
4.4
3.7
3.2
3.4
3.3
3.5
3.7
3.8
3.0
3.4
4.4
3.9
2.9
3.8
3.9
3.0
4.0
3.4
3.9
3.3
3.7
3.4
3.7
3.7
3.6
3.4
3.5
3.7
4.0
4.3
3.8
3.5
4.4
3.9
2.9
3.8
2.9
3.0
3.7
3.5
3.7
3.8
3.3
3.1
3.1
3.7
2.7
3.9
3.5
2.8
3.3
4.1
3.2
3.2
3.6
3.6
3.2
3.8
3.7
3.6
2.7
3.7
3.7
4.1
3.6
3.9
3.9
3.8
3.5
3.7
3.5
3.5
3.5
3.9
3.2
3.7
3.9
3.4
4.0
3.0
4.4
3.3
3.4
3.6
2.8
3.8
3.5
3.9
3.4
3.6
3.7
3.9
4.0
3.1
3.7
3.5
4.2
3.2
3.4
3.4
3.4
3.7
3.0
3.8
3.2
4.2
3.0
3.6
3.7
3.2
3.6
4.0
4.0
3.2
3.6
3.6
2.9
3.5
3.8
4.1
4.0
3.7
3.6
3.3
4.1
4.1
3.7
3.3
2.9
3.4
3.6
3.7
4.4
3.4
4.2
3.4
3.9
3.2
4.2
3.4
3.1
4.3
3.7
4.0
3.4
3.4
3.9
3.7
4.3
4.1
3.2
3.1
3.9
2.7
3.0
4.4
3.7
3.7
4.0
3.4
3.4
3.1
4.1
2.7
3.3
4.0
3.2
3.7
3.7
3.4
3.6
3.3
3.5
4.3
3.7
3.5
3.9
3.6
3.7
3.0
3.4
3.3
3.5
4.5
3.5
4.0
3.6
4.0
3.1
3.8
3.2
4.0
3.4
3.9
4.0
2.5
3.7
3.7
3.8
4.0
3.6
4.4
3.5
3.1
3.4
3.6
4.4
3.8
2.1
3.8
3.9
4.4
3.3
3.1
3.1
3.2
3.8
3.6
3.2
3.8
4.1
3.9
3.8
4.0
3.6
3.5
3.0
3.5
3.5
3.6
3.5
4.2
2.9
3.8
4.4
3.6
3.3
3.9
3.5
3.2
3.7
3.7
3.4
3.9
3.4
4.1
3.5
3.8
3.5
3.6
3.0
3.1
3.4
3.5
3.2
2.3
3.8
3.5
4.3
3.6
3.9
3.9
2.9
3.8
3.8
3.1
3.7
3.6
3.3
3.1
3.5
3.5
3.7
3.4
3.3
3.7
3.7
3.6
4.3
3.5
3.7
4.4
3.2
3.2
4.2
4.1
4.3
3.2
3.2
3.7
4.1
3.5
2.9
3.6
4.4
3.9
3.2
4.1
3.5
3.5
3.3
3.7
3.7
4.0
4.2
3.7
3.8
4.5
3.5
3.5
3.8
3.4
3.5
3.6
3.7
3.4
4.2
3.0
3.7
13671:
3.2
3.3
3.6
3.5
3.6
3.2
3.8
3.8
13819:
4.0
3.6
3.8
4.0
4.0
4.3
4.3
3.8
3.9
4.4
3.7
5.0
3.9
4.7
4.0
4.6
4.5
3.8
3.4
10633:
2.3
2.2
2.6
2.3
2.3
2.4
2.0
2.3
2.3
3.0
2.5
1.9
1.6
2.5
2.5
2.7
2.5
2.3
2.8
2.5
2.6
2.4
3.8
2.0
2.4
2.1
2306:
3.4
3.1
3.4
3.5
3.1
4.0
4.1
3.1
4.0
3.3
4.1
15809:
2.4
3.0
3.0
5457:
1.1
417:
4.0
4.0
3.8
4.0
4.0
3.8
3.1
5.0
3.1
4.4
4.5
4.1
3.9
4.8
4.0
4.4
3.9
3.8
3.8
4.3
3.5
12016:
3.9
4.1
4.3
4.2
4.1
4.2
4.1
4.0
4.6
14027:
3.5
2.6
3.5
2.8
3.8
3.4
3.2
3.2
3.0
3.3
3.2
3.3
11478:
2.4
3.6
3.6
4.2
3.4
4.0
2.9
3.1
3.1
2.7
3.7
2.8
2.9
3.6
3.3
3.2
3.2
3.4
3.4
8846:
3.5
3.9
3.6
2.9
3.3
3.2
3.9
3.4
3.8
3.1
3.7
3.5
3.5
3.3
3.2
3.4
4.1
4.1
3.7
2.8
3.5
3.1
3.9
3.3
3.8
3.2
3.5
3.5
3.0
3.7
3.6
4.0
3.2
3.9
3.9
3.9
3.1
3.5
3.2
3.6
4.0
2.7
3.4
3.8
3.6
3.6
3.2
3.4
4.1
3.5
2.7
4.0
3.1
3.7
2.9
3.1
4.4
3.5
3.3
3.1
3.7
4.3
3.5
4.0
3.9
3.5
3.6
2.9
3.6
3.2
3.7
3.7
2.8
3.6
3.4
3.6
3.9
3.6
3.2
2.7
3.4
3.9
3.6
3.9
4.2
4.0
3.8
3.7
3.2
3.4
3.7
3.6
3.7
3.9
3.6
3.5
2.8
4.1
4.1
3.7
2.9
3.6
3.4
3.8
4.0
3.4
3.6
3.6
3.6
3.4
3.0
3.9
4.3
3.3
4.2
3.6
3.6
3.2
3.4
3.7
3.1
3.6
3.8
3.5
3.4
3.6
3.8
4.1
3.0
3.6
3.6
4.1
3.4
4.2
3.2
3.8
2.8
3.3
4.1
3.0
3.6
3.2
3.8
3.2
3.8
3.8
3.7
3.6
3.7
3.7
3.8
3.6
3.4
3.7
3.7
3.8
3.6
2.8
3.0
2.5
4.2
2.7
4.2
3.7
4.0
3.9
4.1
3.7
3.5
3.7
3.1
3.7
3.5
3.7
4.1
3.6
3.8
3.8
3.8
4.2
3.8
3.6
4.0
3.5
2.4
3.7
3.1
4.1
4.5
3.6
3.0
3.8
3.7
14356:
3.3
3.2
3.2
2.8
3.2
3.2
3.1
3.5
3.6
3.8
3.6
3.5
3.6
2.9
3.5
3.7
2.7
2.7
3.5
8260:
3.2
3.4
7393:
4.3
4.4
4.3
3.9
4.3
3.7
4.1
4.6
4.2
3.9
4.5
4.3
4.8
3.8
5.0
4.4
4.3
3.7
3.8
4.3
4.2
4.2
4.2
4.6
4.2
4.9
3.3
4.4
4.0
4.6
3.9
3868:
3.6
3.5
3.9
3.1
3.7
3.9
3.3
11805:
2.4
2.4
2.9
3.4
1.8
3.1
2.9
2.6
2.3
2.7
1.7
2.8
2.6
2.0
2.4
2.2
2.7
3.3
2.6
3.1
2.0
2.1
2.6
2.8
1.8
3.0
3.2
3.2
3.5
2.5
1.9
2.7
3.0
2.7
2.8
2.8
3.1
2.9
2.1
2.5
2.1
2.6
2.6
2.3
2.7
2.8
2.9
3.0
2.7
3.1
2.6
2.7
3.1
2.4
2.8
2.1
2.9
3.5
2.6
3.1
2.2
2.4
2.4
3.0
3.4
2.2
2.5
2.7
2.2
2.5
3.3
2.9
2.0
2.2
2.2
2.1
2.8
2.8
2.4
2.4
2.3
2.1
2.6
2.8
2.9
3.0
2.6
2.1
2.5
1.9
2.1
2.3
2.1
2.5
2.5
2.7
2.3
1.9
3.1
2.8
2.9
2.1
2.2
2.3
2.4
3.1
3.0
2.6
2.3
2.4
2.7
2.8
2.3
2.6
2.1
1.9
2.6
2.5
3.0
2.7
2.7
1601:
1.7
3.0
3.3
2.5
3.1
15111:
3.2
4.0
8463:
3.5
3.0
3.0
3.3
3.3
2.6
3.9
3.1
3.3
3.8
3.2
2.4
2.6
3.3
3.3
3.8
3.5
3.2
3.3
3.0
3.3
3.0
3.1
16737:
3.1
8268:
2.9
2.9
6947:
4.9
3.9
15808:
3.5
3.2
3.1
3.6
3.2
3.8
2.9
4.3
3.4
3.3
3.9
3.3
3.7
3.0
3.9
3.3
2.6
2.9
3.5
3.1
3.3
3.2
3.0
2.8
15752:
3.3
8093:
3.8
4.5
3.5
3.3
4.6
4.4
3.7
3.4
3.7
3.9
3.6
3.7
4.7
3.6
2449:
3.8
3.5
3.6
3.1
3.4
3.9
16382:
4.2
3.0
3.2
3.3
4.1
3.9
3.5
3.8
3.7
4.8
4.2
3.8
3.8
4.1
3.2
12926:
3.4
2.9
2.9
2.7
3719:
4.2
3.3
4.0
4.1
4.5
3.9
3.3
3.7
3.7
3.2
3.8
4.1
12434:
3.8
3523:
4.9
4.5
4.2
4.8
5.0
4.8
4.0
4.7
4.7
4.4
4.4
4.5
4.2
5.0
4.3
4.1
4.8
4.7
4.2
5.0
5.0
3.8
4.3
4.1
4.6
4.4
4.9
4.5
4.2
4.4
5.0
4.1
4.7
4.5
4.1
4.8
3.9
4.6
4.9
4.2
4.7
4.5
4.5
5.0
4.8
4.9
4.4
4.1
4.9
4.5
5.0
4.8
4.7
4.3
4.5
4.7
4.1
3.8
4.8
4.4
4.8
4.5
7608:
4.4
3.7
4.0
2.8
9116:
3.9
3.6
4.2
3.3
3.9
3.8
3.6
3.8
3.4
4.0
4.3
3.3
3.1
4.1
3.6
3.3
3.7
2.4
4.1
3.0
3.4
4.0
4794:
2.9
17582:
2.0
1.9
2.8
2.2
17114:
2.2
9414:
3.1
3.3
3.5
3.9
3.1
3.2
4.0
2.9
3.8
3.3
884:
3.1
12890:
3.4
3.3
3.2
3.6
4.2
3.4
4.4
4.0
3.5
3.6
3.3
3.5
4.0
3.3
3.6
3.7
3.1
3.8
3.9
3.7
3.5
4.3
3.6
3.7
3.2
3.8
4.0
3.5
4.1
3.8
3.2
4.1
3.3
3.8
4.1
3.9
4184:
2.8
2.0
3.2
3.4
2.5
2.1
3.2
2.9
2.7
1.5
1.5
3.2
1.7
6237:
3.6
3.5
3.2
3.5
4.5
3.5
3.0
3.4
3.9
4.1
2.8
3.3
3.0
5363:
2.9
2.8
3.5
3.3
3.2
3.5
3.0
3.9
3.1
3.4
3.4
3.6
3.8
4.6
3.9
3.1
3.2
3.0
3.0
3.8
4.0
3.8
3.8
3.2
3.6
3.8
2.8
3.3
3.6
3.7
3.4
3.5
3.5
3.8
3.9
3.3
3.0
4.2
4.0
3.2
3.7
3.7
3.9
2.4
3.3
2.8
3.3
3.7
3.2
3.7
2.9
3.2
3.8
3.8
3.9
4.0
3.8
3.6
3.5
3.7
4.2
3.8
3.6
3.6
3.5
3.7
3.5
3.4
3.7
3.7
4.0
3.2
3.4
3.9
3.4
3.7
3.2
3.3
3.8
2.7
3.3
3.3
4.0
3.2
3.9
3.5
3.5
3.4
3.6
3.6
3.3
3.4
3.1
3.1
3.8
3.3
4.0
3.2
3.6
3.0
3.8
3.3
4.3
3.8
3.4
3.4
4.4
12002:
3.4
3.5
3.4
4.0
4.3
3.1
3.2
4.1
3.2
4.2
3.8
4.2
4.2
3.9
3.8
3.5
3.4
4.7
4.6
4.2
3.9
2042:
3.4
2.8
2.5
15693:
2.6
15203:
2.9
2.6
3.0
5818:
3.6
3.5
3.5
3.8
3.4
4.1
3.6
12984:
2.4
8266:
3.3
1.0
2.4
2.0
1.9
2.4
8681:
2.8
3.1
13566:
3.5
4.8
3.6
3.4
3.2
3.9
14468:
3.5
4.3
3.8
4.6
4.2
5.0
3.9
4.2
4.4
4.5
4.0
4.3
4.3
3.4
4.3
3.6
4.2
4.3
6740:
1.1
2.7
1.0
496:
4.3
2.7
4.0
3.6
3.5
3.5
3.8
11337:
4.0
3.7
3.5
3.7
3.7
3.4
3.8
3.5
4.2
3.8
3.0
3.8
2.9
3.8
3.4
3.7
3.9
3.3
3.7
4.0
3.4
3.7
4.0
3.7
3.3
4.1
3.7
3.9
3.7
3.9
4.4
3.7
3.5
3.7
3.5
2.7
3.7
3.6
4.1
3.9
4.3
4.1
4.5
3.9
3.5
3.0
3.8
4.0
4.1
3.3
3.8
4.1
3.7
4.4
3.7
4.0
3.7
3.2
3.9
4.0
3.5
3.9
3.1
3.9
4.2
3.6
3.4
3.7
3.3
4.5
4.1
4.4
3.5
3.3
3.9
3.9
3.6
4.1
4.1
3.3
3.6
3.9
4.0
4.0
4.1
3.1
3.7
3.6
4.1
3.7
3.5
4.2
3.7
4.5
4.4
4.1
3.9
4.0
4.1
3.9
3.9
4.4
3.9
4.1
4.0
3.4
3.9
3.6
4.0
4.5
4.8
4.5
3.7
3.5
3.8
4.4
3.6
4.1
3.7
3.9
4.5
4.3
3.6
4.2
3.7
4.0
3.8
3.5
3.7
4.2
3.5
3.4
3.2
3.8
3.5
4.2
4.1
3.7
4.3
4.9
4.1
3.1
4.7
4.0
3.7
3.9
3.8
3.6
4.0
4.7
4.4
3.9
3.9
3.7
4.2
4.4
4.0
3.7
4.3
4.2
3.1
3.1
3.9
3.8
4.2
3.2
3.7
4.3
3.7
4.2
4.7
3.2
3.7
3.8
3.4
3.7
4.2
4.0
4.1
3.6
3.6
3.3
3.8
4.0
3.2
4.0
4.2
17680:
4.5
4.2
4.1
4.1
4.8
3.9
4.0
4.1
4.2
4.1
4.0
7341:
2.5
16954:
5.0
4.8
4.7
3.8
4.7
4.4
4.5
4.2
4.3
4.6
4.8
5.0
4.5
4.5
4.6
4.0
4.7
4.6
4.2
4.0
4.6
3.8
4.2
4.6
5.0
4.8
4.7
4.2
4.4
5.0
4.4
5.0
4.7
4.0
4.4
4.3
5.0
4.5
4.3
5.0
4.4
5.0
4.2
3.6
4.6
4.1
4.7
4.4
4.8
4.5
4.2
4.2
4.9
4.8
4.3
4.4
4.7
4.7
4.2
4.8
4.4
4.8
4.3
4.7
5.0
4.2
4.1
4.3
4.5
5.0
4.8
4.6
3.9
4.5
4.5
4.4
4.1
4.6
4.8
4.5
4.7
4.4
4.7
5.0
4.6
4.6
4.4
4.2
4.8
4.2
4.6
4.6
4.9
4.5
4.2
4.1
4.1
4.2
4.2
4.3
4.4
4.9
4.1
4.8
4.8
4.2
4.9
4.8
4.5
5.0
4.5
4.1
5.0
4.4
4.5
4.3
4.6
4.6
4.1
4.1
4.5
4.5
4.4
4.4
4.1
4.8
5.0
5.0
4.7
4.2
4.6
4.1
4.7
4.5
4.0
5.0
4.4
4.0
5.0
4.2
5.0
4.6
4.3
5.0
4.4
4.9
3.9
15052:
2.3
4602:
4.6
3.2
3.9
4.9
4.7
3.9
4.3
4.5
4430:
2.6
2.4
11222:
3.5
3.8
3.1
2.9
3.7
3.9
4.2
3.2
4.4
3.0
4.6
4.8
4.4
4.1
4.0
4.3
4.0
4.1
4.2
3.9
4.0
4.2
4.3
3.9
3.4
3.7
4.5
2.9
3.3
4.4
3.7
4.1
3.3
4.0
4.4
4.6
3.7
4.0
4.0
4.2
4.1
4.7
3.9
3.8
4.7
4.4
4.6
4.3
3.9
3.8
4.2
3.8
4.4
4.2
4.1
3.7
4.2
4.4
3.9
4.4
3.3
4.0
3.9
4.2
4.0
4.2
3.4
4.4
4.1
3.8
3.8
4.1
3.8
4.4
3.9
4.0
3.9
3.9
3.3
3.8
4.4
3.7
4.2
3.8
4.6
3.7
4.0
4.3
3.7
5.0
3.7
4.0
4.4
4.3
4.2
4.2
4.1
4.2
4.5
3.7
3.9
3.9
4.0
4160:
3.1
3.9
3.1
3.6
3.5
3.6
3.1
2.2
3.4
2986:
3.3
4.0
3.9
3.5
3.8
3.6
2.9
3.4
4.2
3.7
3.4
3.7
3.2
4.0
4.1
3.8
4.5
3.4
3.2
3.7
3.4
3.3
3.4
12788:
3.1
4.7
2.7
12020:
1.9
2.3
4298:
3.0
3.0
3.7
2.1
1.5
2.1
2.2
2649:
3.6
3.9
3.8
3.2
3.8
4.3
3.3
2.5
4.7
3.3
4.8
17097:
3.1
2.0
2.6
3.1
3.1
3.0
2.8
3.1
2.8
3.1
3.2
2.7
3.1
3.1
2.9
2.8
3.6
2.7
1.9
2.0
3.3
3.1
2.4
3.1
3.3
3.0
3.3
2.8
2.8
1.1
3.3
3.4
2.8
3.2
2.7
2.7
3.0
3763:
3.3
2.6
2.3
3.0
3.3
3.1
2.4
3.2
6893:
3.1
3.9
3.4
3.0
4.2
3.1
4.0
2.8
3.1
3.3
6140:
2.0
2.0
778:
4.3
3.9
4.1
4.6
3.8
3.8
4.1
4.6
4.6
15532:
3.3
4.3
3.5
3.6
3.8
3.4
4.4
4.3
3.7
3.0
3.2
2.8
3.1
3.9
3.3
4.0
3.2
4.2
3.5
3.5
4.0
2.9
3.8
3.9
3.5
2.7
3.7
4344:
4.3
4.0
3.3
4.4
4.3
4.3
4.4
4.6
3.7
4.7
4.9
4.7
3.9
4.7
4.4
4.1
4.2
3.1
3.8
4.0
4.1
4.3
4.4
4.3
3.7
4.1
3.5
3.5
3.6
3.6
3.9
3.9
10699:
3.5
3.8
3.8
3.6
3.9
3.9
2.7
3.6
3.2
4.2
3.8
3.8
4.5
10211:
3.3
3.6
3.3
3.1
3.5
3.7
3.2
3.7
2.0
4.4
2.8
12557:
3.5
3.5
3.3
4.2
2.7
3.8
3.1
3.6
3.5
2.8
3.2
3.4
3.0
2.9
3.4
1.8
3.0
3.7
9396:
3.3
3.1
2.7
4.0
3.4
3.2
2.3
3.0
2.5
12522:
2.8
3.4
13882:
3.9
3.4
3.6
3.4
3.4
3.4
10977:
2.3
2.9
2.6
2.2
3.6
13176:
2.5
2.5
2.7
3.1
2.8
2.8
3.5
6840:
2.5
7651:
2.4
2.8
2.4
16255:
2.1
3.3
3456:
4.4
4.1
4.8
4.5
4.2
4.6
4.3
5.0
4.6
5.0
4.6
5.0
4.9
5.0
4.7
4.8
5.0
5.0
4.6
5.0
4.8
4.6
4.8
4.1
4.3
4.8
4.6
4.7
3.9
5.0
5.0
4.8
4.9
4.7
4.3
4.8
5.0
5.0
5.0
4.7
4.7
4.9
3.9
4.9
4.8
4.3
4.7
4.7
5.0
4.4
4.7
4.8
5.0
4.6
5.0
4.5
5.0
5.0
4.7
4.4
4.5
4.5
5.0
4.7
4.4
5.0
4.6
4.2
4.9
5.0
5.0
4.6
4.3
4.8
4.7
4.4
4.4
4.9
4.1
4.5
4.7
4.0
5.0
5.0
4.8
4.8
5.0
4.9
4.4
4.8
5.0
4.9
5.0
5.0
4.6
4.8
5.0
5.0
5.0
4.8
4.5
4.9
4.5
4.9
4.7
4.9
4.4
4.5
4.9
5.0
5.0
4.9
5.0
4.4
4.6
4.7
4.1
4.9
4.8
4.5
5.0
4.9
5.0
5.0
4.7
4.7
4.5
5.0
5.0
4.2
5.0
5.0
4.6
4.8
5.0
5.0
4.3
5.0
5.0
4.3
5.0
4.6
5.0
5.0
4.2
4.9
4.1
4.7
4.7
4.8
4.7
4.7
5.0
5.0
4.7
4.7
4.9
5.0
5.0
4.7
4.4
4.8
5.0
4.6
4.5
4.8
4.8
4.4
4.6
4.6
4.4
4.5
5.0
4.4
4.8
4.5
5.0
4.7
4.6
4.1
4.9
4.7
5.0
4.8
4.6
4.7
4.6
5.0
4.6
5.0
4.6
4.7
4.2
4.6
4.6
5.0
4.6
5.0
4.1
4.4
5.0
4.7
4.2
5.0
5.0
5.0
5.0
4.9
4.8
4.7
4.9
4.8
4.7
4.7
4.9
4.6
5.0
3.9
4.9
4.5
4.6
5.0
4.7
4.4
4.6
5.0
4.4
4.5
5.0
4.9
4.2
4.5
4.7
5.0
5.0
4.6
4.9
4.6
4.5
4.6
4.6
4.8
4.0
4.9
4.6
4.4
4.8
5.0
3.8
4.5
4.3
5.0
4.9
4.8
4.6
4.8
4.6
4.9
5.0
5.0
4.4
4.6
5.0
4.8
4.6
4.8
4.9
5.0
4.8
4.5
4.4
4.4
4.6
4.4
5.0
5.0
4.3
4.6
4.7
4.5
4.8
5.0
4.6
4.4
5.0
5.0
4.6
4.1
5.0
4.6
5.0
4.8
4.3
5.0
4.4
4.7
4.8
5.0
4.6
4.8
4.6
4.8
4.8
4.8
4.9
4.1
4.6
4.7
4.2
5.0
4.9
4.6
4.8
3.9
4.6
4.8
4.4
3.7
4.8
4.6
4.8
5.0
5.0
4.7
3.9
5.0
5.0
4.9
5.0
5.0
4.5
4.8
4.7
5.0
4.7
4.3
4.9
5.0
4.7
4.6
5.0
4.6
4.1
4.6
4.6
4.9
4.0
4.9
5.0
4.4
5.0
5.0
5.0
4.3
4.3
4.7
4.7
4.2
3.8
4.8
4.5
4.9
4.6
4.7
5.0
5.0
4.5
5.0
4.7
5.0
4.9
4.7
4.9
4.8
4.2
4.8
5.0
4.5
4.8
4.8
5.0
4.6
5.0
4.9
4.7
4.9
4.7
5.0
4.7
4.9
4.8
4.5
5.0
4.9
5.0
4.6
4.9
4.5
5.0
4.2
4.6
5.0
4.4
5.0
4.6
5.0
4.8
4.8
5.0
4.5
5.0
4.8
4.9
4.0
4.8
4.2
4.8
5.0
5.0
4.5
4.6
5.0
5.0
4.9
4.6
4.4
4.8
5.0
5.0
5.0
4.9
4.7
4.2
4.4
4.4
4.8
4.6
4.8
3.9
4.7
4.5
4.6
4.7
4.6
5.0
4.6
4.9
5.0
4.4
4.7
4.4
5.0
5.0
4.7
5.0
4.6
4.5
4.9
5.0
5.0
4.6
4.7
4.2
4.5
4.0
4.9
4.5
4.6
4.1
4.5
5.0
4.7
4.8
5.0
5.0
5.0
4.5
4.6
4.6
4.6
3.9
4.5
4.6
4.8
4.4
4.1
5.0
5.0
4.8
4.7
4.5
4.9
5.0
4.9
4.6
4.5
5.0
4.4
5.0
4.3
4.7
5.0
4.4
4.7
4.9
5.0
5.0
4.9
5.0
4.3
4.6
4.5
4.8
5.0
4.6
5.0
5.0
4.6
5.0
5.0
5.0
4.6
4.8
5.0
4.2
4.6
4.5
4.4
5.0
5.0
4.8
4.7
3.9
4.5
5.0
4.2
4.6
4.0
5.0
4.9
4.1
4.6
4.7
4.7
4.7
5.0
5.0
4.8
5.0
4.6
4.9
5.0
4.2
4.1
4.7
4.5
4.9
4.3
4.6
4.8
4.4
3.9
5.0
5.0
4.3
4.0
4.7
5.0
4.6
4.8
4.9
5.0
4.6
4.9
4.0
5.0
5.0
4.5
4.9
4.7
5.0
5.0
4.7
4.2
4.5
4.8
4.4
4.3
5.0
5.0
4.2
4.6
4.2
4.2
4.8
5.0
4.8
4.6
4.7
4.7
5.0
4.6
4.9
4.8
4.2
4.6
4.7
4.3
4.3
4.1
4.9
5.0
4.9
4.2
4.8
5.0
4.2
4.7
4.7
4.6
5.0
5.0
5.0
4.5
5.0
4.8
4.7
4.8
4.7
4.2
4.5
3.8
4.9
5.0
4.5
4.5
5.0
4.5
3.9
4.4
4.9
5.0
5.0
4.6
4.7
4.8
4.7
4.7
5.0
4.5
4.9
4.4
4.4
4.3
5.0
4.7
4.7
4.6
3.7
4.9
4.6
4.5
5.0
3.5
5.0
4.9
4.3
4.8
4.6
4.9
4.1
5.0
5.0
5.0
4.8
4.7
4.5
4.7
4.0
4.7
5.0
5.0
4.6
4.5
5.0
5.0
5.0
4.9
4.8
4.3
4.7
5.0
5.0
5.0
4.7
5.0
4.5
5.0
4.9
5.0
4.8
4.8
4.7
5.0
4.9
4.8
4.9
4.2
4.7
5.0
4.7
5.0
4.4
4.2
5.0
5.0
4.9
4.3
4.6
4.0
4.6
5.0
5.0
4.6
5.0
4.6
5.0
5.0
3.9
5.0
4.9
5.0
4.3
5.0
4.9
5.0
4.3
5.0
4.9
4.4
4.5
4.2
4.5
4.0
4.6
5.0
10323:
2.6
