6770:
2.10913311616
1.90806420471
2.19141389433
2.29500058541
2.01284246575
1.47140818905
1.43765980216
2.18191617093
2.152629532
2.12168392917
2.19885790518
2.08565799973
1.95805851514
2.11438056694
1.87070536898
2.28632512471
2.1235257201
2.31013976305
2.23034246575
1.93921486931
2.23743037784
2.16199890747
2.09181247559
2.08575913242
2.19811474298
1.98143165958
2.01176221884
2.2593047299
2.30971746575
2.25312024353
2.11596746575
2.23443337484
3.64003542257
3.44178082192
2.07494938399
2.05424089208
2.1248920153
1.96803909497
1.93512546325
1.98031322599
1.97064161105
2.32332633672
1.79858570836
2.31027550147
2.30507219548
3.95209010026
2.19291003332
2.23117880751
2.15516174286
2.1346310033
2.31295507837
2.15867579909
2.19571283612
2.23506468798
2.26455011603
2.02392402603
2.05238328208
1.493457889
2.13198127726
2.08598076363
2.26357775987
2.2254312757
2.27277598462
2.11824675618
2.29416005768
2.26447764017
2.19107136601
2.29631769795
10801:
3.21865741987
2.89146191844
3.08266998958
3.18066071655
2.81588635556
3.16728180634
3.45088173279
2.98820910054
2.91621349526
3.28442238642
3.17717137861
3.19304711246
3.08501139818
3.27340425532
3.26837994413
3.18313579894
3.14314237365
3.46120913337
3.29210654539
3.36827129304
3.16325387938
3.7433392958
3.20176789168
3.2670284164
3.2517106302
3.10595287354
3.37194321636
3.31515182813
2346:
3.63718177918

12236:
3.41820784665
3.8875934643
3.39834171634
2.72926044336
3.4242910561
3.47297309445
3.29503067442
3.25390531461
3.16971981507
3.95690304297
3.48140812676
2.92777927972
2.22540617795
3.57962241247
3.47898576651
2.15108037839
3.44149216037
3.16123820857
3.2760509839
3.16032131883
3.39561620129
3.87236265902
3.30214321691
4.09376354655
3.44017193153
3.06502157214
3.21119249334
3.49807479343
3.54926526961
3.54309643845
3.0792749658
3.37862731978
3.19966209501
3.13678627802
3.0657583761
3.0902860909
3.92059128142
3.2009508152
3.511490052
3.06943052501
3.93163812931
3.12582813139
3.2678439132
3.41822131357
3.2862254025
3.51880638665
3.29309643845
3.24358974359
3.21404117998
4.38695841878
3.22901921133
3.06152395687
3.51698425276
3.39769076884
2.72209861686
3.23915339354
3.48059643845
3.32201401892
3.24672250494
2.18177549195
3.9949294753
3.50885299733
3.11692239141
7268:
3.6894472898
3.13394805283
3.27837763806
3.58816270482
3.49995366939
3.36477196513
1.7706132762
3.4208082563
3.87627390358
3.27416349952
3.60762910798
3.62282518642
3.51596244132
3.60800789586
3.70303500178
4.45066414749
3.5644472898
4.22738420573
3.51749193877
3.57656453555
3.47732607768
3.53348068949
3.39038104597
3.53601385519
3.38568721196
2.91791973669
3.93056186582
1.90965828774
3.53160489941
4.3401240778
3.55170251351
3.93521234194
3.18336416711
3.24754138869
3.44480859516
3.12465809349

10957:
3.09150405329
3.15033015804
3.18916019283
3.67551550544
3.35760916935
3.45023188211
3.33690209864
3.53935030957
3.93789549377
3.48894888227
3.56976261874
744:
3.73074646675
3.27826257862
3.11885942546
3.16573989847
3.78502190371
4.27696949277
3.32458528555
3.77072851153
3.7810852905
1.74896698977
3.1676512079
3.11411784178
3.12117585316
1.92994568325
2.61817674891
3.05653638814
3.33867924528
3.30534591195
3.24537358883
3.14354739944
3.21916705016
3.38399174528
3.02026607163
3.25012705673
3.15676724094
3.17305424528
3.10272282882
3.80328966889
1.71521860288
3.17579264735
3.20927698358
3.12998359311
2.82465673866
3.74000288795
4.15683962264
3.33153638814
3.39642572416
3.11708300115
3.23459761263
3.79467074847
3.35547673351
3.74206689537
2.97108665269
3.2313059734
3.05719776381
3.76695867026
3.18646685591
3.32087819816
3.09219554031
3.90237533693
3.01607482268
3.16109917411
3.9915878662
2.99059181359
3.23867924528
3.32462088984
3.26626545218
3.11109303839
2.85359449952
3.06658622203
3.28819380839
3.10534591195
3.78600628931
3.36158673427
9349:
2.57198275862
2.78724580018
4.08599783896
3.00338943765
2.8887752182
2.91536472937
3.75728840126
2.88694397196
8386:
3.79155431132
4.18061227541
3.9879667723
3.92940711328
3.95913457616
4.02754775637
7751:
4.10698918412
4.09965445412
3.82675190917
4.15018570501
4.22901992469
4.27118529393
4.3988941117

8286:
3.44856107054
3.61501662422
3.47462742512
3.80021203838
3.81021986867
3.08874205989
3.4023715694
3.52009371897
3.71625412383
3.54950246934
3.59067373295
3.40414174641
3.74885995655
3.3429618178
11663:
3.17421070666
3.72910695983
3.15389050962
2.98401498612
3.6181762239
2.21804163156
3.34532676154
2.13136254804
2.89702237775
3.57027902764
2.87296377627
4.16287940325
3.18514745252
3.56291306601
3.66984289057
4.24658811195
3.55086853159
3.6394347273
3.39212027726
3.25174415536
2.75385000642
3.65696932736
3.69219128764
3.63129834854
3.30031908105
3.5884412896
3.30355913996
3.50334537412
3.31425465528
3.5478637239
3.13008721867
3.52812246047
4.24314774498
3.56024939464
3.22483433102
3.3009104287
3.22249148781
2.05713857066
3.4931762239
3.87828454052
3.37301285331
3.53655161822
2.81636162693
3.12537755804
3.2204166222
2.99054353646
3.93333377981
3.0053674842
3.41202868292
3.49224685587
3.24098324145
3.51260627572
3.35128749085
2.87672385687
3.39308481623
3.7190936551
3.61257920898
3.2116503727
3.91133932883
3.60681258754
3.39403829287
3.56147802769
3.62977416205
3.25997807791
3.48711777772
3.49014405656
3.72499440572
3.48604345554
3.37025157512
3.97743029709
3.29919282141
3.64673535134
3.23840376779
3.22729090814
3.41034162108
3.30911028984
3.04285423678
12759:
3.48213924717
3.66674647976
3.5574115881
3.80622262361
4.2396476794
1717:
2.87820527389

2550:
3.32575116019
3.33935655539
3.09898931446
2.99644680325
3.77745987955
3.20404391482
3.22193024811
2.97951972555
3.05345911949
3.88224514728
3.10866745283
3.0353638814
3.03896636587
3.70216815624
3.29349101743
3.10597053502
2.9616938983
3.25807958155
3.23544110148
3.14685956692
2.80804245283
3.00353592441
2.96358278932
3.03250673854
3.12592288762
3.13812935122
3.87085158356
3.04632552676
3.3615823688
2.96274181992
3.969052551
2.94234800839
2.94587026263
4.38217173662
3.23846709398
3.14585981034
3.15679245283
3.21570240544
3.11995307459
2.93925497959
3.19634180906
2.64320270924
3.09797257705
3.16107816711
4.30703259005
3.04393530997
3.18204467835
3.19929245283
3.27645970327
2.87592288762
3.22400175516
3.11120675616
3.12315608919
3.13679245283
3.16388223611
2.92914782473
3.3519087319
3.06421180767
2.87874150354
2.96728025771
3.11333204228
3.02275736511
3.0454723805
2.60822102426
3.31439863043
3.16564423959
2.90548404161
3.84875336927
3.21585228189
3.25629794733
3.21840201974
3.79339622641
3.04350887074
4.01739622642
3.15213898748
2.99592950867
2.8012400449
3.16988068812
3.36964959568
3.01088534108
2.62340500432
2.98469773516
3.27035409666
3.1631082423
2.92525399129
4.19375336927
3.05765108249
3.26179245283
3.2959069013
3.36288807036
4123:
3.6270212627
3.96701913804
3.90869553445
3.22531186099
3.40803140772
3.4072267546
3.94561557175
5535:
3.27892102336

14662:
3.19414737487
3.24001060748
3.31106350471
3.38836152116
3.8426058217
3.73405739338
3.97892918826
3.00850378274
3.36119170984
3.14876746742
2.913030041
3.81579453042
3.24084205949
3.80636097948
2.49070330936
2.88445316537
3.30906610598
2.98861818044
3.85218926151
2.98230788297
3.33727014122
3.15726313841
3.28156929815
3.2683846923
3.09489541355
3.308667438
3.28530935691
3.08306101076
2.88758594061
3.73665424909
3.86059585492
3.17088933403
3.01381763883
3.90855881788
3.03814922993
2.91700432935
4.0495490028
2.94627645561
3.29792746114
3.83285075688
3.21658853524
2.98764561055
3.90392918826
3.06425590574
4.15972861723
3.38658765828
3.91800964803
2.88488812941
3.13713138502
3.86742248031
3.32329047527
3.77983922466
2.91099369005
3.80159157227
3.32607029704
2.83905900843
3.78073099005
4.01359585492
3.01809753944
3.05785837651
3.15169591153
3.3001321072
3.17759947683
4.15470800446
3.9086136064
3.87076759192
3.33751072825
3.91452649076
3.90318514064
3.02422512887
3.21079955298
3.32498742233
3.09634192443
3.10369170985
3.36612207196
4.06568319117
3.2509478074
3.06029400629
3.09190113934
3.20673478101
3.22015722709
2.93558423321
3.10191678537
3.25224647658
3.15065446931
4.14646290694
3.03199630755
3.26411332504
4.08051648985
3.27542142725
3.93875991742
3.00715676147
3.00004216762
2.12672654092
15420:
4.2220745061
3.22421440835
17259:
3.56060649042
3.46498360705

7773:
3.74399412691
3.46965125128
3.21636823859
4.07179713299
3.8574886883
3.55019262664
3.15162708355
3.76677086437
3.67666347685
2.00767450012
3.78086062112
3.72552210544
3.83263747586
4.11073079117
3.97804713299
11006:
3.38132009561
3.47150860344
3.40854185152
3.10329394916
3.33388605443
2.64751218055
3.04775227599
3.45986394558
3.8359573307
3.91348907984
2.816888558
2.12296657793
3.15533828594
3.12215320911
3.11271405114
4.08078231293
3.16337414966
3.0915484838
2.98030892176
3.31714754867
3.17346938775
3.8219358433
4.10855157514
3919:
2.93698677558
3.06737884937
2.89368180882
3.10756703187
3.16056295399
3.06382666789
2.96332269425
2.77437230039
2.1060369715
2.00405064915
3.26208411802
3.06805559022
2.88377723971
3.03287648118
2.98987229945
3.12431608683
2.86289543422
3.68671944693
2.82021298089
3.27194165552
3.20553447021
2.98581521841
2.96476179569
3.27452954824
3.15712888806
2.66789941608
3.13057299972
3.66541185268
3.19658942752
3.00753500368
2.65886399506
2.88035011128
3.09213164342
2.90756573037
2.97354557948
3.07682303727
3.25010435475
2.76848855365
2.99507292077
509:
2.51164874552
3.16244239631
2.82774069954
3.18735933983
2.98955278592
2.79403694285
2.82858462413
2.84635905163
2.72915398661
2.91663859176
3.67868115172
3.93088897224
3.81519008452
9378:
3.91348583388
3.70754759711
3.64150319412
4.07095656686
3.79203802457
3.32299057354

9794:
3.55666151886
4.23337427728
3.46982096124
3.21155846321
4.05576441103
3.3291562239
3.28693822743
3.42161654136
2.96793315577
4.25099422109
3.22821376357
3.96252982756
3.55854835954
3.12863092984
3.59421755146
3.59955771783
3.2998423478
3.49883329012
3.36245505067
4.04629876333
3.58929170059
3.42065500289
3.31406384814
4.04096561333
3.23190438783
3.84242295881
3.21197601848
3.45749737037
3.42743845916
3.19312816926
3.31328320802
3.33411654135
3.32326324794
2.90881166331
3.86166054341
3.00772765247
3.10998962483
3.12075447239
3.17518796993
3.24110473033
3.36238087256
3.34717755118
3.17491842815
3.22353961828
2.78732600081
3.48022858149
3.14661654135
3.25619737968
3.31676995837
3.55164447432
3.39039763588
3.59847516415
3.51764127634
3.41800018916
3.55247428194
4.00187969925
3.56584731059
3.85338345865
3.37261654135
3.12242299297
3.27848467322
4.00268046799
3.40996829089
3.35155588278
3.22469274373
3.40829878434
3.33752563226
3.03259403474
2.9256020486
4.04914470191
3.40915341451
3.53977893451
3.53511001704
3.50156534682
3.19644017451
3.28396222036
3.88713805791
3.39035230445
3.16221832441
3.88580827067
3.45821074426
3.13856559206
3.99941537675
3.21262314201
4.57330827068
3.49156217164
3.23793287492
4.33781339013
2.98207211577
3.52021204697
3.27363732657
3.131910659
3.38735728209
4.01080827068
3.12382393355
3.57052958484
3.45170128712
3.54298959835
3.36891939574

7622:
4.19703296704
3.72996336996
2.00922716628
3.73380952381
3.45209860935
4.23218658892
3.6257967033
3.31231193927
3.67898496241
3.03589285714
1.82120348411
4.17378817441
3.79654360621
3.70981301421
3.29298826777
3.65657947686
3.76984146236
3.50537815126
3.48819548873
3.532910492
3.65880952381
3.78323118522
3.53714285714
3.07809176226
3.54601609658
3.75782082324
3.12707436399
3.71765306122
1.90445040881
3.47982228298
3.94383828973
3.53330827068
3.49082706767
3.2408716707
3.67310312205
2.33970211457
3.62714285714
3.65047619048
3.62443452381
3.62755543082
3.80617794486
3.3074025974
3.50531490015
3.34120702827
3.53649769586
3.50945054945
2.26537631501
3.46
3.38512077295
3.77511387164
3.66529100529
3.43115179902
3.07447044335
3.43890451517
3.44980425731
4.65665928894
3.4025087108
3.77792717087
3.51509507558
3.37394522319
3.7004168785
3.67714285715
3.52278801844
3.80599044079
3.33362637363
3.63142857143
3.34339285715
3.44590539895
3.64613308516
3.37071428571
4.48334415584
3.67112115732
2.29147180351
3.97031709643
3.35464285714
3.00285714286
3.30821428571
4.00931769723
3.80789848415
1.9381987957
3.5380332681
3.26500133015
3.43554406378
3.52478008865
3.27644518272
3.47675824176
3.65529314616
3.07117511521
2.11917748918
3.40171997157
3.32547619048
2.19037946428
3.60930262046
15197:
3.69100066187
3.48611111111
4.02273592086
4.35646135265
3.62994672755

2510:
3.05524862403
3.52628140248
3.13255517631
3.83882816032
3.20887317243
3.2603869944
4.46198324121
3.33667512044
3.10081526193
3.83066957344
4.20380992294
3.31302566611
3.15529721074
3.12698083388
3.45921028925
3.44571184898
3.11543234587
4.12765418947
2.74876567921
3.07342203659
3.43363622937
3.27261157195
3.91444694217
3.03635560726
3.10923968532
3.77925231752
3.9531430022
3.43660720926
3.23169740611
3.87248890021
3.3450008738
3.33454999293
3.03101811994
3.81021617294
3.14220225738
3.10107374529
2.79793234588
3.34885493594
3.51043234587
3.00694766937
2.9141165564
3.15293234588
3.30573846832
3.49957631475
2.13875164204
3.4965351296
2.97344492914
4.05623312209
3.21237804723
3.85845146705
3.41987898619
3.82603484682
3.0618456221
3.43572030399
3.45923576468
3.19613410026
3.27376567921
3.48229281099
2.86194382382
3.47930381923
2.73596516344
3.38864663159
3.77477821673
3.21122880605
3.14718340072
1.79984354007
3.43578118309
3.25095866166
3.46458964925
2.70529721074
3.29043234587
2.69927055781
3.2269850708
4.16131465778
4.37289474437
2.87654826965
3.85173791206
3.96847077358
2.74798761525
3.28475052769
2.68114180533
3.14443997946
2.64890935737
3.345560551
3.20759741765
3.78492205529
2.98160881647
2.89043234588
3.08196158126
3.22964467464
3.13525993208
2.98992729537
2.75100131977
3.44734723949
3.23578753713
3.94219069523
3.80498438486
3.21585738452
3.30063751792

