9160:
3.89534623146
13887:
3.94226878288
5644:
3.30025454614
3.50063511881
3.34534023449
3.17782854168
3.35945332804
2103:
3.18218369344
5587:
3.6370586837
10927:
3.09398496241
7895:
3.65156543129
16157:
3.85569565563
10359:
3.38746675517
3.27436562713
336:
3.37000863348
5391:
3.88209542233
17330:
3.93245691402
861:
3.7338189544
1918:
3.42536668233
3.34728157595
3.38857110222
11903:
3.71788674378
3.85224048528
3624:
3.53088231597
3.61218693519
4.11020280821
3.80323694651
3.908080655
3.87805995107
14949:
3.2321109554
6972:
3.7756091296
3.35732217016
3.65128879404
3.56076346571
3.54153269648
1455:
3.99318692235
13688:
3.53160405486
5368:
3.69727053677
645:
4.01985859453
3.97104202648
3.64141239685
3.53541133728
1664:
3.57564790837
6886:
3.25272750632
15939:
3.66717592537
13922:
3.73547237077
15646:
3.43271900066
3.66583085005
3.29202132624
3.55435898858
3.14440511647
3.5293452699
10406:
3.61981401964
11152:
4.00101088462
3.87656684525
3.35483375906
8034:
3.39955053294
6797:
4.32295332663
28:
3.49986238206
3010:
3.92949949594
12056:
3.23406451926
2743:
3.67477998383
4.11074489611
5069:
3.68892126621
4.00020965472
6974:
3.68592340991
4.02379806931
4.2491102231
4.15366534539
8960:
3.55500470888
12738:
3.60797104403
2992:
3.93698893007
4.16813528912
1509:
3.47706522551
3.85398830244
3.43155960753
8163:
3.49366496998
580:
3.26734220609
4956:
3.75314196924
4.19184360061
14233:
3.37350261184
7586:
4.15340412768
2009:
3.44893819953
3.47462989913
17703:
2.88589237597
2114:
3.85011741448
10561:
3.79407217154
15563:
3.53358750737
11182:
3.46309396284
3.62003273835
12224:
3.67399819701
5103:
4.11128151746
17480:
3.9770344527
11385:
3.42454680097
4118:
4.29349407608
720:
3.57944082641
3.51191891029
7627:
3.09007404795
10358:
3.80344267603
3.49333084005
118:
3.51498355416
15997:
4.10766888813
12838:
4.22954657467
7674:
3.43883116014
17:
3.31729531604
3.50355187862
16469:
3.20257013043
5843:
4.21297242688
3.74383367089
3.58516494024
16794:
3.28953900335
3535:
3.40044035472
10170:
3.41516778132
1305:
3.3966355152
2499:
3.64605584362
18:
3.73374807998
760:
3.78143256014
3.9550174658
13977:
4.08321357424
872:
3.92238816149
9528:
4.16060742926
3433:
3.56961211715
248:
3.65228581021
1045:
3.49663536019
6971:
3.95565218188
3.7576704672
13827:
3.60807027883
3.56139508702
9939:
3.67512264298
3.37507944644
3.5017461131
3.49051804293
3.51320778868
3.50079373215
3.31408934743
3.59812038211
3.06329373215
3.42597992037
3.58265935511
3.71507944644
16572:
3.53265470671
11840:
2.82257401057
13636:
3.98489421258
7580:
3.75675616003
4640:
4.1499417746
3.89352254024
3.67375129841
4.05916796508
2981:
3.58141858142
1561:
4.02986613791
3.14315197622
6134:
3.66925748673
3.70927724958
3.83971203218
10947:
4.00737668753
3.46462069625
4.03678845224
3.73135858799
13629:
3.86329672165
11745:
3.43712617711
3.11034485033
3.24659466062
3.7344830578
14355:
3.19476646588
3347:
3.85427214923
6946:
3.31100615054
3606:
3.08136980831
12783:
3.57648968678
1650:
3.58387529969
3.55388399282
3.52131694302
6101:
3.67776401616
5390:
3.14436918422
2470:
3.78427192848
1110:
3.96115628166
3.60954464644
4.11292599492
3.63407294833
4.06816385742
4.09227400653
4.08407294833
4.06167035093
3.90441572031
4.2925475246
3.85793658469
5646:
3.6304303214
16662:
2.84326690491
14531:
3.14150410509
257:
4.15578828088
3.31293113802
3.47959780469
2113:
3.81384196965
16756:
3.57929074193
607:
3.74386355173
3.38275244061
3.68883878173
3.51050772626
3.72659628446
3148:
3.69843281667
17330:
3.49748154456
3.8146624278
3.46454801133
2180:
3.04891718155
4996:
4.15424791621
3.77461828658
2.37091458288
3.85714646694
3.71432543559
3.67508124955
3.45633124955
3.5022871319
3.40424791621
3.30900982098
4805:
4.28428763796
3.5133680025
4.06798985124
14533:
4.2450873927
7710:
3.48860077665
6724:
3.77098870433
6355:
4.0688372093
6166:
3.86211606973
9442:
3.55692828
3.39361910777
3.66607818657
3.44542090958
575:
4.37231599692
1610:
3.94256520802
3160:
3.10371838586
4472:
4.03441647382
3.31642866894
14257:
3.02122153209
14274:
3.36106640481
3.06833136207
5522:
3.78284443965
3.80391698229
8666:
3.7964264773
11256:
3.73473248604
15058:
4.15271363187
3.91514947869
5787:
3.80918341774
15151:
3.67805368799
3.73952092445
3.68372170418
7379:
3.57454324265
5496:
3.78045269604
3.76391909657
3.82761822892
3.76592278151
3.84603535187
3.59023047382
3.70950526135
3.98489714048
8832:
3.6379075875
16797:
3.46923072097
15062:
3.30842915079
4.06438153174
10883:
3.56651411218
4745:
3.26319357264
3.57588707109
8993:
3.87397994095
3.77290851237
4.1508636697
4.01001168698
4.0012040989
10952:
3.10978871677
15116:
4.09501548176
3.97712250517
796:
2.98062837202
5972:
3.89528211384
5280:
3.8514622898
10607:
3.90675912614
1901:
3.54101133697
3.54412314443
3.60381552046
12999:
3.9260490346
3.88946836459
3216:
3.55313824696
344:
3.70376546204
10981:
3.27891287437
11607:
3.58392852142
3.87248863325
3.50289403866
3.96370484947
3.9869104321
3.84337022914
3.6144325002
1174:
4.10814629274
14953:
3.73208943271
257:
3.87476061289
7331:
3.5802370948
3.25636347532
14215:
3.3300967304
3.26456772016
3.4100967304
2.95093006373
2.96193193639
2.8574348599
232:
3.47297559258
12785:
3.85046975533
232:
3.52933166006
2743:
3.80225433007
3.74256307793
5583:
3.48103662223
6002:
3.27607046419
10042:
4.36688242653
10560:
3.86227997198
14215:
3.28921725157
3643:
3.83941454814
16698:
3.61835648303
3.70363024011
17743:
3.40998543825
10890:
3.8695157385
2014:
3.25718390805
9628:
4.11036490106
3.90850255289
3.84801195989
2362:
3.67616699824
6099:
3.8115711077
5050:
4.04130386419
17181:
3.78707897209
1768:
3.4767571033
3689:
3.97288249364
3.99042030758
3.57954987131
3.63009289553
7158:
4.63127866346
15474:
3.55420194095
3274:
3.69910877713
3648:
3.73557497669
5939:
3.56118266979
3.64475409836
12047:
3.35922581641
7642:
3.80685111437
985:
3.85799286659
7589:
3.88839763254
5360:
3.86879165929
4.34985226535
17031:
3.41718670602
10981:
3.44469301621
6229:
3.56101244747
14664:
3.71920476151
2235:
2.93379497108
2.70843177495
6739:
3.97250188985
4.18531670467
3.67605744541
10080:
4.35561818162
4.71276103876
5667:
3.31368005203
14829:
3.5148082284
13567:
3.49741914819
5390:
3.0927523403
3.41806532934
6464:
3.80643587037
12986:
3.81845519876
3033:
3.91312790983
1002:
3.47368421053
6760:
3.65792665843
3015:
3.13735543171
2.99491008879
9986:
3.66222225885
432:
3.57780643577
1221:
3.72001068595
15205:
3.56216807808
1795:
3.87136556799
14176:
3.63840365593
14730:
3.75628865979
11949:
3.48743325654
1843:
3.4541359
3.41910842747
10451:
3.7705577411
3.43534753089
7430:
3.84988993834
17541:
3.84341108554
3.68319752681
3.30475707745
551:
3.70769438919
8635:
3.14293780339
375:
3.15296328305
16223:
3.44592204344
1707:
3.69474933606
10615:
3.8129095865
2962:
3.42900768725
8172:
3.6678538369
897:
3.12536967805
5530:
3.9272213998
4914:
3.82392175298
3.77820746727
3.00645048862
3.94702034453
3.3602557652
3.35432579339
1110:
3.70276595745
4.23022679448
3.55111840287
3.79407294833
3.9695568193
3.74630316416
3.68222109648
14410:
3.50455044853
2012:
3.53368793183
2921:
3.96974649739
15472:
3.73067483905
10152:
3.82008918755
12895:
3.3016539963
4656:
4.10357685453
3.99601217511
15818:
3.99921672797
6327:
3.70513233331
273:
2.76895700393
3.27544060424
4931:
3.47392496821
3.16061013382
3.39051046604
3.47424062478
2.96534981355
11472:
3.62508062986
7381:
3.57387367491
17562:
3.89665629578
5292:
3.98536564423
1810:
3.7568508644
3.85735762116
3.74483163363
3.96598547979
3.63004198217
3.44954545543
4.0381008644
9254:
3.79945280883
2016:
3.67078344407
3.76292822042
897:
3.09938401496
3.44596521154
2.88827290385
3.45077290385
16640:
3.09320993416
3.19810411406
3.02249029799
3608:
3.80106094792
17506:
3.26035982564
700:
3.97503936636
4704:
3.8783760635
175:
4.24385919863
4.16284325499
3.64946469837
4.01256201263
3.71494146624
3538:
3.27653905216
3.57456736359
3.77942751313
3756:
3.35227251891
12513:
3.85798016919
7755:
3.42689085375
3.95828098827
3.92828098827
9828:
3.76237411613
3819:
3.45149800537
16707:
3.23400982342
11134:
3.83841353654
3.94068626381
3.91211871582
11283:
4.36547206431
3.94782716335
4.18901732293
4472:
3.74041578226
2462:
3.77110134865
7513:
3.53568404064
6103:
2.67624223602
4628:
3.86390714873
9733:
3.7375341042
3.8561134773
3.87241782513
5840:
4.14306242033
13326:
3.47745659702
5646:
3.5851578855
397:
4.37270747588
1923:
3.64094629993
3.8888629666
14905:
3.97706359601
5522:
3.14851256089
3.59730429673
3.48883160999
3.50706442907
3.60553641549
16460:
3.82258054889
11152:
3.73431112799
1518:
4.00140834026
6023:
3.66825777418
4697:
3.50023979859
663:
3.63131650266
13007:
3.58051079474
11485:
3.32749497147
17111:
3.56940804848
7632:
3.21873539037
16587:
4.10789826586
7330:
3.27476291113
13423:
3.53580747025
5401:
3.70387451595
3.82978250627
6251:
4.20054990835
10644:
4.07249471491
3.80663957336
4.50898511111
16644:
3.95560292313
6299:
3.59926101515
12092:
3.24052170803
13614:
4.16823041883
8635:
3.02706478752
13593:
3.99382077488
12593:
3.85925519
5989:
3.71282242183
2851:
3.55481754401
4085:
3.39324426031
16146:
2.88494882855
14209:
3.78720177464
4.04421112043
15156:
3.66484811077
14712:
3.64459448506
9740:
3.5656743271
17008:
3.21712788603
3.48635865526
3.49640716531
1066:
3.86500868545
3.87913912023
14103:
4.00701685702
3.85805035666
3.98475475594
4.08105175919
4.08825222002
3.87914426177
3.68541608557
3.6152530806
3.96982230088
4.09718079145
6495:
3.19036905916
9382:
3.69527896996
5807:
3.62010716461
3.63242243555
3.69537643071
3.4321423235
3.61426262925
3.68553598866
3.4674193164
15205:
3.48195237198
3.70798237008
3.68774947343
3.75695724623
3.68718450168
2.84608280676
14211:
3.20587459181
2174:
3.9067531661
223:
4.31392918826
4.3148981805
16384:
3.75444753657
14723:
3.28993390857
3.1424750147
10229:
3.27351131492
138:
4.10573241475
13930:
3.72928338292
3.75221107251
3.65190243054
3.69735697599
3.15480940728
707:
3.37300192485
5075:
4.06736692065
7048:
3.59108581884
329:
3.37978759923
3.37392901337
3.52421575172
3.97813953969
1255:
3.90490365551
10275:
3.36258521664
83:
3.52360606708
6404:
3.05751651025
6206:
3.71320330878
3.75332105479
12494:
3.42617741094
9995:
3.52645662179
14742:
3.64348913821
7624:
3.91617521151
4.08049446033
746:
4.01828782753
14660:
3.68890801397
3.47339077259
4098:
4.1204597085
4656:
3.94422646083
5320:
3.32899627657
3.51828199085
3.26170304349
14103:
4.0176353369
4.02142321569
3.93501862929
4.07718079145
4.08252281099
3.94093079145
9677:
3.35099304099
1032:
3.57312048299
615:
3.26775166812
3.46997389034
16765:
3.68829650677
3917:
3.66787212935
3.8694073491
15333:
3.83112861993
7827:
3.70805446196
8782:
3.35420327002
3.5783790942
189:
3.8175400109
3.44075672376
14209:
3.923565411
3.85491010797
14621:
4.12097818558
3.81841408302
2495:
3.40012512054
2235:
2.98628891781
1047:
3.75493089423
1684:
3.01464734915
5960:
3.67837837838
2796:
3.75305395317
4686:
3.30932167767
13087:
3.47051486262
3.68646851681
17023:
3.5395882115
1799:
4.2945713273
3.6564212091
1031:
3.66901234568
9882:
3.61718194826
3151:
3.33248339951
3.73803895506
3.42726924681
3.65677718482
3.41790006617
3.65860952563
3.65023702269
3.66884703587
3.24460461163
3.3630844924
3.19915006617
3151:
3.44239330942
3.07849369552
3.23106495979
3.578460411
3.31665411804
3.53248339951
3.58196256617
3.69915006617
3.80280860276
3.55142279345
3.69125117202
3.61873769504
4237:
3.01271865777
17207:
3.88794423719
9685:
3.25889925059
5519:
4.3001883067
4.03508336712
2342:
3.93188671897
3.92732050892
3.88643217351
3.30137824439
3.64617243325
4.06860546897
2800:
3.71821917808
3.84319155377
270:
4.37037891646
3522:
3.24869371143
14482:
3.60950303095
4353:
4.08290481228
17349:
3.72855830995
12367:
3.49732566118
8651:
3.52541011513
7597:
3.57355532821
13248:
3.16271027892
10168:
3.34035322225
3.33698621888
2.58738879537
14868:
4.07368095296
9644:
3.86468819904
5838:
3.53968732504
2195:
4.02154819458
10852:
3.8436216068
73:
4.01356738909
8393:
3.96851627639
3.68050215092
3.9498769474
16698:
3.47903089634
8644:
3.88474962228
3.77513207448
3.97317354913
3.36804740762
8793:
3.14808657293
12497:
3.51497828062
16525:
3.66613501637
3.24550872671
6994:
4.09979261684
13282:
3.11135547892
488:
3.75764441902
3875:
3.98810509054
4.15509073647
3.80969599963
12317:
3.7759895808
3.68460122203
4884:
3.86956301603
4042:
3.40889008621
12198:
3.57332572598
5327:
3.56746804143
3.55299326889
3.52226468157
3.61068325318
3.66444124366
3.79590626986
3.55743459661
3.98310079577
10899:
3.45536167803
3.84057113456
3.4324457632
3.41539546482
10229:
3.28959865895
3.60691512042
9132:
3.81516250878
4356:
3.94670062252
3.47670062252
3.87218449349
1542:
3.90448381262
3.88253259311
3.60742498909
3.47232878707
4.03332996647
329:
3.91362013306
4.02078086522
16361:
3.2062492979
14139:
3.6070106513
7494:
3.51552766618
14249:
3.8112460815
9095:
3.85077746937
16754:
3.64022291686
1798:
3.91212905512
3.90232513355
4.21482513355
3.82159596688
3.93565846688
4.06204735577
3.80384028507
3.67613465736
3.96780132403
14240:
4.13841405292
3.96610878148
3.63552335735
11877:
3.40175659096
13423:
3.39590170729
3958:
4.09707051684
8438:
3.78959978613
4.22152961069
223:
4.27832312765
3.73883761316
4.16313553746
6687:
3.17346622205
12891:
4.60825648091
4.06925648091
5991:
3.78097449552
3.22092466163
3.20994274949
3.67415972237
3.92310909503
3.85202312774
3.68503853493
9111:
3.67250242479
535:
3.56110157859
11829:
3.94895555393
3207:
3.81945624469
1138:
3.93410063472
14671:
3.59985200798
4804:
3.69926253687
406:
3.74902600035
3.88137894152
4.04517204497
3.70386414862
3.68137894152
3.52268328935
5807:
3.82073412386
3.85136653493
7912:
3.78564768536
8836:
3.46911478042
4570:
3.63072765036
9644:
4.25953078396
3.80658960749
10172:
3.77881561612
1220:
3.66074680059
3.5655827778
3.65178432819
3.67654623295
3.42668628897
3.98130813771
3.46465523377
10550:
3.36048362677
3.86048362677
14568:
3.55684895529
40:
3.14778513238
10277:
3.69128036752
3.83745414193
9592:
3.627624348
12690:
3.94706605979
3.46848541912
3.82947944793
3.74682087843
9049:
3.96321112548
9592:
3.47512920853
3.75843474555
3.65778390329
2989:
3.29546957672
7072:
3.41852191374
11688:
3.55798656202
3254:
3.48982084691
15965:
3.22883054414
7156:
3.30488986152
357:
3.48179880336
4.25618904726
3.5720931867
3.68476047583
3.50439048611
3.6198254109
3.48584546679
3.88118904726
3.72976628303
3.4395223806
5897:
3.63828324977
16848:
3.23616848425
8915:
3.90936395766
3.76623083507
311:
3.54868731027
3.42973652422
3.45894705053
2813:
3.45906613982
8038:
3.9550398337
4.12911746795
4.42925800198
3.78771388433
3.79743432135
2173:
2.93385849244
8993:
3.87881510578
3.99477871207
13556:
3.80942857426
13519:
2.94070596196
2.73570596196
7149:
3.59000882046
6850:
3.04138446542
3.39658159804
3.81469423122
1255:
3.61957032217
4.3417925444
6337:
3.73167771862
6222:
3.53799462496
2214:
3.40741468588
1092:
3.51254638996
1409:
3.87421747641
3.96046289765
17250:
3.31502669718
17355:
3.80056637364
3.71497637527
3.80409939975
4.06759146324
3.66481368546
3.245509888
3.70648035213
175:
3.82010553294
3.84261772107
3.60342747416
3.56356755038
3159:
3.1274099109
5875:
3.69530162096
6366:
3.70022366456
3.45120971554
5917:
3.73447574993
8627:
3.93928229575
1158:
3.40011961722
662:
3.83296587714
3.66346108168
11810:
3.69434504446
5738:
4.23572158675
11698:
3.69703073557
9526:
2.88531066374
2385:
3.56944332284
3391:
3.65158896474
11421:
3.625901319
8103:
3.63171538886
1941:
3.85069231152
3463:
3.92951757297
12931:
3.81144261418
15777:
4.12317495551
818:
3.46101751338
14734:
3.54651198036
3925:
3.49367743191
3.81809970977
3.86980879362
3.36235204621
8548:
3.54768918565
2.94107551487
405:
3.82578991715
760:
4.02587700458
3.85281620794
7691:
3.48602919273
4299:
3.92284558095
14776:
3.60016738403
3.60076262212
12668:
3.91652061548
14382:
3.86423828081
14410:
3.79729696376