17499:
3.88780487805
3.88780487805
4.43622488436
3.88780487805
3.88780487805
3.88780487805
3.88780487805
3.88780487805
3.88780487805
3.88780487805
3.88780487805
3.88780487805
3.88780487805
3.88780487805
3.88780487805
3.88780487805
3.88780487805
3.88780487805
3.88780487805
3.88780487805

17500:
3.53939393939
3.53939393939
3.53939393939
3.53939393939
3.72712990991
3.53939393939
3.53939393939
3.53939393939
3.53939393939
3.53939393939
3.53939393939
3.53939393939
3.53939393939
3.40885236588
3.50140857808
4.00489962683
3.53939393939
3.53939393939
3.53939393939
3.53939393939

17501:
2.75609756098
2.75609756098
2.75609756098
2.75609756098
2.75609756098
2.75609756098
2.75609756098
2.75609756098
2.75609756098
2.75609756098
3.08592587444
2.75609756098
2.75609756098
3.17140762412
3.3473399092
2.75609756098
2.75609756098
2.75609756098
2.75609756098
2.75609756098
17502:
2.98134328358
2.98134328358
2.98134328358
2.98134328358
2.98134328358
2.98134328358
3.64312514449
3.16749958472
3.41931932687
2.98134328358
2.98134328358
3.09640847476
2.98134328358
2.98134328358
2.98134328358
2.98134328358
2.98134328358
2.98134328358
2.98134328358
2.98134328358

17503:
2.98201438849
2.98201438849
2.98201438849
2.98201438849
2.98201438849
3.41757105334
2.98201438849
2.98201438849
2.98201438849
2.98201438849
2.98201438849
2.98201438849
2.98201438849
3.18325805261
3.61013578765
2.98201438849
2.98201438849
2.98201438849
2.98201438849
2.98201438849

17504:
2.58260869565
3.55626667029
3.05739130435
2.58260869565
2.58260869565
2.58260869565
2.58260869565
2.58260869565
2.58260869565
2.58260869565
2.58260869565
2.58260869565
2.93879191791
2.58260869565
2.58260869565
2.58260869565
2.58260869565
2.58260869565
2.58260869565
2.58260869565
17505:
3.52307692308
3.52307692308
3.52307692308
3.63287841191
3.78154831485
3.52307692308
3.52307692308
3.52307692308
3.52307692308
3.52307692308
3.52307692308
3.52307692308
3.52307692308
3.52307692308
3.52307692308
3.59335899534
3.52307692308
3.52307692308
3.52307692308
3.52307692308
17506:
3.14367047094
3.14367047094
3.14367047094
3.41318233938
3.14367047094
3.14367047094
3.14367047094
3.14367047094
3.3056384387
3.65118011456
3.14367047094
3.14367047094
3.14367047094
3.14367047094
3.14367047094
3.14367047094
3.14367047094
3.14367047094
3.14367047094
3.14367047094
17507:
2.35135135135
2.35135135135
2.35135135135
2.82702568295
2.35135135135
2.35135135135
2.35135135135
2.35135135135
2.35135135135
2.72789347207
3.04087319949
2.35135135135
2.35135135135
2.35135135135
2.35135135135
3.15667401864
2.35135135135
2.35135135135
2.35135135135
2.35135135135

17508:
3.79002931305
3.79002931305
3.79002931305
3.69251570342
3.79002931305
3.79002931305
3.79002931305
3.79002931305
3.63551676318
3.79002931305
3.79002931305
3.79002931305
3.79002931305
3.79002931305
3.79002931305
4.10330404978
3.79002931305
3.79002931305
3.79002931305
3.79002931305
17509:
3.32833957553
3.32833957553
3.32833957553
3.32833957553
3.32833957553
3.32833957553
3.32833957553
3.32833957553
3.32833957553
3.32833957553
3.46363787631
3.32833957553
3.32833957553
3.32833957553
3.32833957553
3.32833957553
3.29537124172
3.32833957553
3.32833957553
3.32833957553
17510:
1.77844311377
1.77844311377
1.77844311377
1.77844311377
1.77844311377
1.77844311377
2.56727719749
2.89448669625
1.77844311377
1.77844311377
1.77844311377
1.77844311377
1.77844311377
1.77844311377
1.77844311377
1.77844311377
1.77844311377
2.49892276459
1.77844311377
1.77844311377
17511:
3.25104821803
3.25104821803
3.25104821803
3.25104821803
3.25104821803
3.25104821803
3.25104821803
3.25104821803
3.87343036926
3.25104821803
3.25104821803
3.25104821803
3.25104821803
3.25104821803
3.25104821803
3.6209510385
3.36420811893
3.25104821803
3.25104821803
3.25104821803
17512:
3.43392504931
3.60389618611
3.52689813725
3.43392504931
3.43392504931
3.43392504931
3.43392504931
3.43392504931
3.82241282012
3.47407603035
3.43392504931
3.43392504931
3.43392504931
3.71713572169
3.62657071675
3.57252945936
3.43392504931
3.43392504931
3.58686454158
3.43392504931
17513:
3.24323980013
3.49661459193
3.49661459193
3.49661459193
3.49661459193
3.49661459193
3.49661459193
3.49661459193
3.49661459193
3.49661459193
3.49661459193
3.49661459193
3.49661459193
3.49661459193
3.49661459193
3.98898949949
3.39356225265
3.49661459193
3.49661459193
3.49661459193
17514:
2.89034562624
2.53548387097
2.53548387097
2.53548387097
2.53548387097
2.92018154178
3.52284373124
2.53548387097
2.53548387097
2.53548387097
2.53548387097
2.53548387097
2.53548387097
3.01151207602
2.53548387097
2.53548387097
2.53548387097
2.53548387097
2.53548387097
2.53548387097
17515:
4.10671936759
4.01942846758
4.10671936759
4.10671936759
4.10671936759
4.10671936759
4.10671936759
4.10671936759
4.10671936759
4.10671936759
4.10671936759
4.10671936759
4.10671936759
4.10671936759
4.10671936759
4.10671936759
4.10671936759
4.10671936759
4.10671936759
4.10671936759
17516:
3.29113924051
4.03138041176
3.29113924051
3.46930918723
3.29113924051
3.29113924051
3.82660236636
3.41361632717
3.29113924051
3.29113924051
3.35374370411
3.38186100968
3.29113924051
3.29113924051
3.29113924051
3.45371986781
3.29113924051
3.29113924051
3.29113924051
3.29113924051
17517:
3.11428571429
3.11428571429
3.11428571429
3.34186046027
3.11428571429
3.11428571429
3.11428571429
3.29970265029
3.11428571429
3.11428571429
3.11428571429
3.11428571429
3.11428571429
3.11428571429
3.11428571429
3.65333872926
3.23932962015
3.11428571429
3.11428571429
3.11428571429
17518:
2.21929824561
2.21929824561
2.88220860667
2.21929824561
2.21929824561
2.21929824561
2.21929824561
3.33699855087
2.21929824561
2.21929824561
2.21929824561
2.76153235184
2.21929824561
2.21929824561
2.21929824561
2.54286725553
2.76107629005
2.21929824561
2.21929824561
2.21929824561
17519:
2.73333333333
2.97357622922
2.73333333333
2.73333333333
2.73333333333
3.18657522474
2.73333333333
2.73333333333
2.73333333333
2.73333333333
3.26443432039
2.73333333333
3.19484699728
2.73333333333
2.73333333333
2.73333333333
2.73333333333
2.73333333333
2.73333333333
2.73333333333
17520:
3.17746478873
3.17746478873
3.17746478873
3.17746478873
3.17746478873
3.5684801941
3.17746478873
3.17746478873
3.17746478873
3.17746478873
3.17746478873
3.17746478873
3.83726654885
3.17746478873
3.17746478873
3.17746478873
3.17746478873
3.17746478873
3.17746478873
3.17746478873
17521:
2.82317073171
2.82317073171
2.82317073171
2.82317073171
2.82317073171
2.82317073171
2.82317073171
2.82317073171
2.82317073171
2.82317073171
2.82317073171
3.34633188609
2.82317073171
3.52792080396
2.82317073171
2.82317073171
2.82317073171
3.06458847669
2.82317073171
2.82317073171
17522:
3.58488888889
3.58488888889
3.58488888889
3.58488888889
3.58488888889
3.58488888889
3.58488888889
4.42436158192
3.58488888889
3.28647619048
3.58488888889
3.58488888889
3.76822949178
3.58488888889
3.58488888889
3.58488888889
3.58488888889
3.58488888889
3.58488888889
3.58488888889
17523:
3.72401433692
3.72401433692
3.72401433692
3.72401433692
3.46992965324
3.72401433692
3.72401433692
3.68068268333
3.72401433692
3.61643769396
3.72401433692
3.72401433692
3.72401433692
3.72401433692
4.16805259395
3.60687460388
3.72401433692
3.72401433692
3.72401433692
3.72401433692
17524:
3.81141868512
3.81141868512
3.81141868512
3.81141868512
3.74153523673
3.61545211169
3.81141868512
3.81141868512
3.81141868512
3.81141868512
3.81141868512
3.81141868512
3.70024115641
3.80649968129
3.81141868512
3.81141868512
3.81141868512
3.81141868512
3.81141868512
3.27350240772
17525:
3.7749046206
3.80681617517
3.7749046206
3.7749046206
4.02716868407
3.80370750716
3.54293043181
3.68621039209
4.02122993088
3.7749046206
3.7749046206
3.7749046206
3.7749046206
3.70182098974
3.7749046206
3.7749046206
3.7749046206
4.31271822386
3.7749046206
3.54333489584
17526:
3.97327720326
3.97327720326
3.97327720326
3.97327720326
3.97327720326
3.97327720326
3.97327720326
3.85572622479
3.97327720326
3.97327720326
3.71688193119
3.86673161834
3.97327720326
3.97327720326
3.97327720326
3.97327720326
3.97327720326
3.97327720326
3.97327720326
3.97327720326
17527:
2.94272727273
2.94272727273
2.94272727273
3.28620216766
2.94272727273
2.94272727273
2.94272727273
2.94272727273
2.94272727273
2.94272727273
2.94272727273
2.94272727273
2.94272727273
3.8735476119
3.64390302627
2.94272727273
2.94272727273
2.94272727273
2.94272727273
2.94272727273
17528:
3.95659680303
3.35136768062
2.89776046738
3.51587387988
3.28501770968
2.99441566394
2.89776046738
2.89776046738
3.63811310172
3.12911583241
2.89776046738
2.89776046738
2.89776046738
2.89776046738
3.3672134708
2.89776046738
2.89776046738
2.89776046738
2.89776046738
2.89776046738
17529:
2.62937595129
2.62937595129
2.62937595129
2.62937595129
2.62937595129
2.62937595129
2.62937595129
2.62937595129
2.99078465842
2.62937595129
2.62937595129
2.62937595129
2.62937595129
2.62937595129
2.62937595129
2.62937595129
2.98900050736
2.62937595129
2.62937595129
3.04401904056
17530:
3.04651162791
3.04651162791
3.04651162791
3.04651162791
3.04651162791
3.04651162791
3.04651162791
3.04651162791
3.04651162791
3.04651162791
3.04651162791
3.29596409325
3.04651162791
3.53298528714
3.04651162791
3.04651162791
3.04651162791
3.04651162791
3.30245999739
3.04651162791
17531:
3.24761904762
3.24761904762
3.24761904762
3.24761904762
3.15503712807
3.24761904762
3.24761904762
3.24761904762
3.24761904762
3.24761904762
3.24761904762
3.24761904762
3.24761904762
3.24761904762
3.24761904762
3.24761904762
3.24761904762
3.36233766234
3.24761904762
3.24761904762
17532:
3.53191489362
4.03614396627
3.53191489362
3.53191489362
3.53191489362
3.53191489362
3.53191489362
3.53191489362
3.53191489362
3.53191489362
3.53191489362
3.53191489362
3.53191489362
3.53191489362
3.53191489362
3.53191489362
3.53191489362
3.46112636028
3.53191489362
3.53191489362
17533:
3.75533688229
3.75533688229
3.75533688229
3.75533688229
3.75533688229
3.75533688229
3.75533688229
3.75533688229
3.75533688229
3.84246668367
3.75533688229
3.57180603726
3.75533688229
3.75533688229
3.75533688229
3.93398566753
3.74713558361
3.75533688229
3.86445670077
3.75533688229
17534:
3.07207207207
3.07207207207
3.07207207207
3.07207207207
3.07207207207
3.96030120622
3.3784213879
3.07207207207
3.07207207207
3.94601892675
3.07207207207
3.17057779653
3.07207207207
3.07207207207
3.07207207207
3.07207207207
3.07207207207
3.15319454087
3.07207207207
3.07207207207
17535:
3.74637342068
3.74637342068
3.74637342068
3.74637342068
3.90581712253
3.74637342068
3.74637342068
3.74637342068
3.67365816147
3.74637342068
3.74637342068
3.74637342068
3.74637342068
3.74637342068
3.63438550219
3.74637342068
3.74637342068
3.74637342068
3.89764097685
3.74637342068
17536:
4.09259259259
4.09259259259
4.09259259259
3.77128312578
4.09259259259
4.00742921796
3.6747881124
4.09259259259
4.09259259259
4.09259259259
4.09259259259
4.10514950166
4.09259259259
4.09259259259
4.09259259259
4.09259259259
3.92423389606
3.74670257279
4.09259259259
4.09259259259
17537:
3.64329916126
3.41401187293
3.41401187293
3.51508983175
3.41401187293
3.41401187293
3.41401187293
3.41401187293
3.41401187293
3.41401187293
3.41401187293
3.41401187293
3.41401187293
3.41401187293
4.01511547082
3.54565305968
3.41401187293
3.41401187293
3.41401187293
3.41401187293
17538:
4.04013377926
4.04013377926
4.04013377926
4.04013377926
4.04013377926
4.04013377926
4.04013377926
4.04013377926
4.04013377926
3.93115305857
4.04013377926
4.04013377926
4.04013377926
4.04013377926
4.04013377926
4.04013377926
4.04013377926
4.04013377926
4.04013377926
4.04013377926
17539:
3.27778591302
3.27778591302
3.27778591302
3.27778591302
3.27778591302
3.27778591302
3.27778591302
3.27778591302
3.27778591302
3.27778591302
3.27778591302
3.27778591302
3.27778591302
3.27778591302
3.51662649388
3.27778591302
3.27778591302
3.27778591302
3.27778591302
3.27778591302
17540:
3.75797741777
3.75797741777
3.75797741777
3.75797741777
3.75797741777
3.81908170084
3.75797741777
3.75797741777
3.75797741777
3.75797741777
3.75797741777
3.75797741777
3.75797741777
3.75797741777
3.75797741777
3.652778783
3.75797741777
3.75797741777
3.75797741777
3.75797741777
17541:
3.3227288649
3.4393784083
3.69241145308
3.4393784083
3.4393784083
3.4393784083
3.4393784083
3.4393784083
3.4393784083
3.4393784083
3.81227884751
3.4393784083
3.54721590315
3.4393784083
3.4393784083
3.4393784083
3.4393784083
3.4393784083
3.4393784083
3.4393784083
17542:
2.39240506329
3.02674407538
2.39240506329
2.39240506329
2.95624830411
2.39240506329
2.39240506329
2.39240506329
2.39240506329
2.39240506329
2.39240506329
3.52294651029
3.36486754472
2.97865212358
2.39240506329
2.39240506329
2.39240506329
2.39240506329
2.39240506329
2.39240506329
17543:
4.10685650042
3.72774416595
3.26742953628
3.72774416595
3.51259437192
3.67898812809
3.72774416595
3.72774416595
3.72774416595
3.56209082835
3.69876579038
3.72774416595
3.72774416595
3.72774416595
4.4824722031
3.72774416595
3.72774416595
4.01158635335
3.72774416595
3.72774416595
17544:
3.71281270976
3.80677290837
3.80677290837
3.80677290837
3.80677290837
3.80677290837
3.80677290837
3.80677290837
3.80677290837
3.80677290837
3.86619274199
3.80677290837
3.95056495821
3.80677290837
3.80677290837
3.80677290837
3.80677290837
3.67862258307
3.70414177982
3.80677290837
17545:
2.24761904762
2.24761904762
2.24761904762
2.24761904762
2.24761904762
2.24761904762
2.24761904762
2.24761904762
2.24761904762
2.24761904762
2.24761904762
2.24761904762
2.24761904762
2.24761904762
2.24761904762
2.24761904762
2.87873015873
2.24761904762
2.24761904762
2.24761904762
17546:
3.7385620915
3.45435544174
3.7385620915
3.7385620915
3.7385620915
3.7385620915
3.7385620915
3.7385620915
3.94772411842
3.7385620915
3.7385620915
3.7385620915
3.7385620915
3.67389978214
3.7385620915
3.7385620915
3.7385620915
3.7385620915
3.7385620915
3.7385620915
17547:
3.08358208955
3.08358208955
3.08358208955
3.08358208955
3.08358208955
3.08358208955
3.08358208955
3.08358208955
3.08358208955
3.08358208955
3.08358208955
3.08358208955
3.08358208955
3.08358208955
2.69291233002
3.08358208955
3.08358208955
2.99683458408
3.08358208955
3.08358208955
17548:
3.19227458169
3.20326307572
3.17486338798
3.17486338798
3.17486338798
3.17486338798
3.17486338798
3.59585145534
3.17486338798
3.17486338798
3.17486338798
3.17486338798
3.17486338798
3.17486338798
3.29979230432
3.17486338798
3.17486338798
3.17486338798
3.17486338798
3.40140929076
